{"/home/runner/work/obsidian-granola/obsidian-granola/src/api.ts": {"path":"/home/runner/work/obsidian-granola/obsidian-granola/src/api.ts","statementMap":{"0":{"start":{"line":137,"column":26},"end":{"line":137,"column":29}},"1":{"start":{"line":138,"column":27},"end":{"line":138,"column":28}},"2":{"start":{"line":139,"column":36},"end":{"line":139,"column":40}},"3":{"start":{"line":168,"column":18},"end":{"line":168,"column":56}},"4":{"start":{"line":192,"column":2},"end":{"line":192,"column":19}},"5":{"start":{"line":195,"column":2},"end":{"line":215,"column":null}},"6":{"start":{"line":196,"column":14},"end":{"line":196,"column":27}},"7":{"start":{"line":197,"column":16},"end":{"line":197,"column":31}},"8":{"start":{"line":200,"column":23},"end":{"line":200,"column":65}},"9":{"start":{"line":202,"column":3},"end":{"line":211,"column":null}},"10":{"start":{"line":203,"column":21},"end":{"line":203,"column":69}},"11":{"start":{"line":204,"column":4},"end":{"line":208,"column":null}},"12":{"start":{"line":205,"column":5},"end":{"line":205,"column":61}},"13":{"start":{"line":207,"column":5},"end":{"line":207,"column":52}},"14":{"start":{"line":210,"column":4},"end":{"line":210,"column":46}},"15":{"start":{"line":214,"column":3},"end":{"line":214,"column":54}},"16":{"start":{"line":227,"column":2},"end":{"line":227,"column":36}},"17":{"start":{"line":251,"column":52},"end":{"line":251,"column":59}},"18":{"start":{"line":253,"column":19},"end":{"line":265,"column":4}},"19":{"start":{"line":267,"column":2},"end":{"line":272,"column":null}},"20":{"start":{"line":268,"column":3},"end":{"line":270,"column":null}},"21":{"start":{"line":269,"column":4},"end":{"line":269,"column":68}},"22":{"start":{"line":271,"column":3},"end":{"line":271,"column":84}},"23":{"start":{"line":274,"column":2},"end":{"line":274,"column":31}},"24":{"start":{"line":302,"column":19},"end":{"line":302,"column":44}},"25":{"start":{"line":305,"column":2},"end":{"line":310,"column":null}},"26":{"start":{"line":306,"column":3},"end":{"line":306,"column":24}},"27":{"start":{"line":308,"column":3},"end":{"line":308,"column":62}},"28":{"start":{"line":309,"column":3},"end":{"line":309,"column":62}},"29":{"start":{"line":345,"column":14},"end":{"line":345,"column":42}},"30":{"start":{"line":348,"column":2},"end":{"line":370,"column":null}},"31":{"start":{"line":348,"column":21},"end":{"line":348,"column":22}},"32":{"start":{"line":349,"column":3},"end":{"line":369,"column":null}},"33":{"start":{"line":350,"column":21},"end":{"line":350,"column":46}},"34":{"start":{"line":352,"column":4},"end":{"line":356,"column":null}},"35":{"start":{"line":353,"column":19},"end":{"line":353,"column":69}},"36":{"start":{"line":354,"column":5},"end":{"line":354,"column":29}},"37":{"start":{"line":355,"column":5},"end":{"line":355,"column":14}},"38":{"start":{"line":358,"column":4},"end":{"line":358,"column":20}},"39":{"start":{"line":360,"column":4},"end":{"line":365,"column":null}},"40":{"start":{"line":361,"column":26},"end":{"line":361,"column":82}},"41":{"start":{"line":362,"column":5},"end":{"line":364,"column":7}},"42":{"start":{"line":367,"column":18},"end":{"line":367,"column":68}},"43":{"start":{"line":368,"column":4},"end":{"line":368,"column":28}},"44":{"start":{"line":372,"column":2},"end":{"line":372,"column":53}},"45":{"start":{"line":395,"column":2},"end":{"line":395,"column":57}},"46":{"start":{"line":395,"column":32},"end":{"line":395,"column":55}},"47":{"start":{"line":166,"column":0},"end":{"line":166,"column":13}}},"fnMap":{"0":{"name":"(anonymous_0)","decl":{"start":{"line":191,"column":1},"end":{"line":191,"column":13}},"loc":{"start":{"line":191,"column":30},"end":{"line":216,"column":2}}},"1":{"name":"(anonymous_1)","decl":{"start":{"line":226,"column":7},"end":{"line":226,"column":22}},"loc":{"start":{"line":226,"column":22},"end":{"line":228,"column":null}}},"2":{"name":"(anonymous_3)","decl":{"start":{"line":250,"column":7},"end":{"line":250,"column":19}},"loc":{"start":{"line":250,"column":53},"end":{"line":275,"column":null}}},"3":{"name":"(anonymous_5)","decl":{"start":{"line":301,"column":7},"end":{"line":301,"column":22}},"loc":{"start":{"line":301,"column":22},"end":{"line":311,"column":null}}},"4":{"name":"(anonymous_7)","decl":{"start":{"line":337,"column":15},"end":{"line":337,"column":26}},"loc":{"start":{"line":343,"column":3},"end":{"line":373,"column":null}}},"5":{"name":"(anonymous_9)","decl":{"start":{"line":394,"column":9},"end":{"line":394,"column":14}},"loc":{"start":{"line":394,"column":25},"end":{"line":396,"column":2}}},"6":{"name":"(anonymous_10)","decl":{"start":{"line":395,"column":21},"end":{"line":395,"column":28}},"loc":{"start":{"line":395,"column":32},"end":{"line":395,"column":55}}}},"branchMap":{"0":{"loc":{"start":{"line":202,"column":3},"end":{"line":211,"column":null}},"type":"if","locations":[{"start":{"line":202,"column":3},"end":{"line":211,"column":null}},{"start":{"line":209,"column":10},"end":{"line":211,"column":null}}]},"1":{"loc":{"start":{"line":204,"column":4},"end":{"line":208,"column":null}},"type":"if","locations":[{"start":{"line":204,"column":4},"end":{"line":208,"column":null}},{"start":{"line":206,"column":11},"end":{"line":208,"column":null}}]},"2":{"loc":{"start":{"line":204,"column":8},"end":{"line":204,"column":45}},"type":"binary-expr","locations":[{"start":{"line":204,"column":8},"end":{"line":204,"column":22}},{"start":{"line":204,"column":26},"end":{"line":204,"column":43}}]},"3":{"loc":{"start":{"line":204,"column":8},"end":{"line":204,"column":22}},"type":"cond-expr","locations":[{"start":{"line":204,"column":16},"end":{"line":204,"column":18}},{"start":{"line":204,"column":8},"end":{"line":204,"column":22}}]},"4":{"loc":{"start":{"line":204,"column":8},"end":{"line":204,"column":18}},"type":"binary-expr","locations":[{"start":{"line":204,"column":8},"end":{"line":204,"column":18}},{"start":{"line":204,"column":8},"end":{"line":204,"column":18}}]},"5":{"loc":{"start":{"line":204,"column":26},"end":{"line":204,"column":43}},"type":"cond-expr","locations":[{"start":{"line":204,"column":34},"end":{"line":204,"column":36}},{"start":{"line":204,"column":26},"end":{"line":204,"column":43}}]},"6":{"loc":{"start":{"line":204,"column":26},"end":{"line":204,"column":36}},"type":"binary-expr","locations":[{"start":{"line":204,"column":26},"end":{"line":204,"column":36}},{"start":{"line":204,"column":26},"end":{"line":204,"column":36}}]},"7":{"loc":{"start":{"line":250,"column":20},"end":{"line":250,"column":53}},"type":"default-arg","locations":[{"start":{"line":250,"column":51},"end":{"line":250,"column":53}}]},"8":{"loc":{"start":{"line":251,"column":10},"end":{"line":251,"column":35}},"type":"default-arg","locations":[{"start":{"line":251,"column":18},"end":{"line":251,"column":35}}]},"9":{"loc":{"start":{"line":251,"column":37},"end":{"line":251,"column":47}},"type":"default-arg","locations":[{"start":{"line":251,"column":46},"end":{"line":251,"column":47}}]},"10":{"loc":{"start":{"line":267,"column":2},"end":{"line":272,"column":null}},"type":"if","locations":[{"start":{"line":267,"column":2},"end":{"line":272,"column":null}}]},"11":{"loc":{"start":{"line":268,"column":3},"end":{"line":270,"column":null}},"type":"if","locations":[{"start":{"line":268,"column":3},"end":{"line":270,"column":null}}]},"12":{"loc":{"start":{"line":305,"column":2},"end":{"line":310,"column":null}},"type":"if","locations":[{"start":{"line":305,"column":2},"end":{"line":310,"column":null}},{"start":{"line":307,"column":9},"end":{"line":310,"column":null}}]},"13":{"loc":{"start":{"line":305,"column":6},"end":{"line":305,"column":51}},"type":"binary-expr","locations":[{"start":{"line":305,"column":6},"end":{"line":305,"column":19}},{"start":{"line":305,"column":23},"end":{"line":305,"column":51}}]},"14":{"loc":{"start":{"line":352,"column":4},"end":{"line":356,"column":null}},"type":"if","locations":[{"start":{"line":352,"column":4},"end":{"line":356,"column":null}}]},"15":{"loc":{"start":{"line":352,"column":8},"end":{"line":352,"column":63}},"type":"binary-expr","locations":[{"start":{"line":352,"column":8},"end":{"line":352,"column":31}},{"start":{"line":352,"column":35},"end":{"line":352,"column":63}}]},"16":{"loc":{"start":{"line":360,"column":4},"end":{"line":365,"column":null}},"type":"if","locations":[{"start":{"line":360,"column":4},"end":{"line":365,"column":null}}]},"17":{"loc":{"start":{"line":361,"column":26},"end":{"line":361,"column":82}},"type":"cond-expr","locations":[{"start":{"line":361,"column":51},"end":{"line":361,"column":64}},{"start":{"line":361,"column":67},"end":{"line":361,"column":82}}]}},"s":{"0":1,"1":1,"2":1,"3":20,"4":20,"5":20,"6":20,"7":20,"8":20,"9":20,"10":0,"11":0,"12":0,"13":0,"14":20,"15":20,"16":0,"17":12,"18":12,"19":11,"20":2,"21":1,"22":1,"23":9,"24":5,"25":5,"26":5,"27":0,"28":0,"29":17,"30":17,"31":17,"32":29,"33":29,"34":21,"35":6,"36":6,"37":6,"38":15,"39":8,"40":2,"41":2,"42":6,"43":6,"44":0,"45":3,"46":3,"47":1},"f":{"0":20,"1":0,"2":12,"3":5,"4":17,"5":3,"6":3},"b":{"0":[0,20],"1":[0,0],"2":[0,0],"3":[0,0],"4":[0,0],"5":[0,0],"6":[0,0],"7":[11],"8":[11],"9":[11],"10":[2],"11":[1],"12":[5,0],"13":[5,5],"14":[6],"15":[21,8],"16":[2],"17":[1,1]}}
,"/home/runner/work/obsidian-granola/obsidian-granola/src/auth.ts": {"path":"/home/runner/work/obsidian-granola/obsidian-granola/src/auth.ts","statementMap":{"0":{"start":{"line":1,"column":0},"end":{"line":1,"column":39}},"1":{"start":{"line":2,"column":0},"end":{"line":2,"column":28}},"2":{"start":{"line":3,"column":0},"end":{"line":3,"column":39}},"3":{"start":{"line":6,"column":24},"end":{"line":6,"column":25}},"4":{"start":{"line":7,"column":36},"end":{"line":7,"column":40}},"5":{"start":{"line":116,"column":9},"end":{"line":116,"column":55}},"6":{"start":{"line":140,"column":2},"end":{"line":142,"column":null}},"7":{"start":{"line":141,"column":3},"end":{"line":141,"column":27}},"8":{"start":{"line":144,"column":21},"end":{"line":144,"column":49}},"9":{"start":{"line":146,"column":2},"end":{"line":170,"column":null}},"10":{"start":{"line":147,"column":22},"end":{"line":147,"column":57}},"11":{"start":{"line":148,"column":34},"end":{"line":148,"column":56}},"12":{"start":{"line":151,"column":40},"end":{"line":151,"column":73}},"13":{"start":{"line":153,"column":3},"end":{"line":153,"column":43}},"14":{"start":{"line":157,"column":4},"end":{"line":157,"column":83}},"15":{"start":{"line":159,"column":3},"end":{"line":164,"column":5}},"16":{"start":{"line":166,"column":3},"end":{"line":166,"column":27}},"17":{"start":{"line":168,"column":24},"end":{"line":168,"column":80}},"18":{"start":{"line":169,"column":3},"end":{"line":169,"column":74}},"19":{"start":{"line":193,"column":13},"end":{"line":193,"column":23}},"20":{"start":{"line":194,"column":15},"end":{"line":194,"column":24}},"21":{"start":{"line":196,"column":2},"end":{"line":205,"column":null}},"22":{"start":{"line":198,"column":4},"end":{"line":198,"column":84}},"23":{"start":{"line":200,"column":4},"end":{"line":200,"column":72}},"24":{"start":{"line":202,"column":4},"end":{"line":202,"column":61}},"25":{"start":{"line":204,"column":4},"end":{"line":204,"column":51}},"26":{"start":{"line":232,"column":44},"end":{"line":237,"column":4}},"27":{"start":{"line":239,"column":2},"end":{"line":243,"column":null}},"28":{"start":{"line":240,"column":3},"end":{"line":242,"column":null}},"29":{"start":{"line":241,"column":4},"end":{"line":241,"column":56}},"30":{"start":{"line":245,"column":2},"end":{"line":247,"column":null}},"31":{"start":{"line":246,"column":3},"end":{"line":246,"column":63}},"32":{"start":{"line":250,"column":21},"end":{"line":250,"column":51}},"33":{"start":{"line":251,"column":2},"end":{"line":253,"column":null}},"34":{"start":{"line":251,"column":71},"end":{"line":251,"column":88}},"35":{"start":{"line":252,"column":3},"end":{"line":252,"column":43}},"36":{"start":{"line":256,"column":2},"end":{"line":258,"column":null}},"37":{"start":{"line":257,"column":3},"end":{"line":257,"column":47}},"38":{"start":{"line":280,"column":2},"end":{"line":282,"column":null}},"39":{"start":{"line":281,"column":3},"end":{"line":281,"column":45}},"40":{"start":{"line":284,"column":2},"end":{"line":284,"column":39}},"41":{"start":{"line":304,"column":2},"end":{"line":306,"column":null}},"42":{"start":{"line":305,"column":3},"end":{"line":305,"column":15}},"43":{"start":{"line":308,"column":2},"end":{"line":308,"column":80}},"44":{"start":{"line":334,"column":2},"end":{"line":336,"column":null}},"45":{"start":{"line":335,"column":3},"end":{"line":335,"column":49}},"46":{"start":{"line":338,"column":2},"end":{"line":357,"column":null}},"47":{"start":{"line":341,"column":3},"end":{"line":343,"column":5}},"48":{"start":{"line":354,"column":3},"end":{"line":354,"column":27}},"49":{"start":{"line":355,"column":24},"end":{"line":355,"column":87}},"50":{"start":{"line":356,"column":3},"end":{"line":356,"column":60}},"51":{"start":{"line":376,"column":2},"end":{"line":376,"column":26}},"52":{"start":{"line":400,"column":2},"end":{"line":400,"column":61}},"53":{"start":{"line":110,"column":0},"end":{"line":110,"column":13}}},"fnMap":{"0":{"name":"(anonymous_0)","decl":{"start":{"line":110,"column":0},"end":{"line":110,"column":13}},"loc":{"start":{"line":110,"column":0},"end":{"line":402,"column":1}}},"1":{"name":"(anonymous_1)","decl":{"start":{"line":139,"column":7},"end":{"line":139,"column":22}},"loc":{"start":{"line":139,"column":22},"end":{"line":171,"column":null}}},"2":{"name":"(anonymous_3)","decl":{"start":{"line":192,"column":9},"end":{"line":192,"column":30}},"loc":{"start":{"line":192,"column":30},"end":{"line":206,"column":2}}},"3":{"name":"(anonymous_4)","decl":{"start":{"line":231,"column":9},"end":{"line":231,"column":28}},"loc":{"start":{"line":231,"column":50},"end":{"line":259,"column":2}}},"4":{"name":"(anonymous_5)","decl":{"start":{"line":251,"column":63},"end":{"line":251,"column":67}},"loc":{"start":{"line":251,"column":71},"end":{"line":251,"column":88}}},"5":{"name":"(anonymous_6)","decl":{"start":{"line":279,"column":1},"end":{"line":279,"column":15}},"loc":{"start":{"line":279,"column":15},"end":{"line":285,"column":2}}},"6":{"name":"(anonymous_7)","decl":{"start":{"line":303,"column":1},"end":{"line":303,"column":15}},"loc":{"start":{"line":303,"column":15},"end":{"line":309,"column":2}}},"7":{"name":"(anonymous_8)","decl":{"start":{"line":333,"column":7},"end":{"line":333,"column":19}},"loc":{"start":{"line":333,"column":19},"end":{"line":358,"column":null}}},"8":{"name":"(anonymous_10)","decl":{"start":{"line":375,"column":1},"end":{"line":375,"column":17}},"loc":{"start":{"line":375,"column":17},"end":{"line":377,"column":2}}},"9":{"name":"(anonymous_11)","decl":{"start":{"line":399,"column":1},"end":{"line":399,"column":20}},"loc":{"start":{"line":399,"column":20},"end":{"line":401,"column":2}}}},"branchMap":{"0":{"loc":{"start":{"line":140,"column":2},"end":{"line":142,"column":null}},"type":"if","locations":[{"start":{"line":140,"column":2},"end":{"line":142,"column":null}}]},"1":{"loc":{"start":{"line":168,"column":24},"end":{"line":168,"column":80}},"type":"cond-expr","locations":[{"start":{"line":168,"column":49},"end":{"line":168,"column":62}},{"start":{"line":168,"column":65},"end":{"line":168,"column":80}}]},"2":{"loc":{"start":{"line":196,"column":2},"end":{"line":205,"column":null}},"type":"switch","locations":[{"start":{"line":197,"column":3},"end":{"line":198,"column":84}},{"start":{"line":199,"column":3},"end":{"line":200,"column":72}},{"start":{"line":201,"column":3},"end":{"line":202,"column":61}},{"start":{"line":203,"column":3},"end":{"line":204,"column":51}}]},"3":{"loc":{"start":{"line":240,"column":3},"end":{"line":242,"column":null}},"type":"if","locations":[{"start":{"line":240,"column":3},"end":{"line":242,"column":null}}]},"4":{"loc":{"start":{"line":245,"column":2},"end":{"line":247,"column":null}},"type":"if","locations":[{"start":{"line":245,"column":2},"end":{"line":247,"column":null}}]},"5":{"loc":{"start":{"line":251,"column":2},"end":{"line":253,"column":null}},"type":"if","locations":[{"start":{"line":251,"column":2},"end":{"line":253,"column":null}}]},"6":{"loc":{"start":{"line":251,"column":6},"end":{"line":251,"column":89}},"type":"binary-expr","locations":[{"start":{"line":251,"column":6},"end":{"line":251,"column":43}},{"start":{"line":251,"column":47},"end":{"line":251,"column":89}}]},"7":{"loc":{"start":{"line":256,"column":2},"end":{"line":258,"column":null}},"type":"if","locations":[{"start":{"line":256,"column":2},"end":{"line":258,"column":null}}]},"8":{"loc":{"start":{"line":280,"column":2},"end":{"line":282,"column":null}},"type":"if","locations":[{"start":{"line":280,"column":2},"end":{"line":282,"column":null}}]},"9":{"loc":{"start":{"line":304,"column":2},"end":{"line":306,"column":null}},"type":"if","locations":[{"start":{"line":304,"column":2},"end":{"line":306,"column":null}}]},"10":{"loc":{"start":{"line":334,"column":2},"end":{"line":336,"column":null}},"type":"if","locations":[{"start":{"line":334,"column":2},"end":{"line":336,"column":null}}]},"11":{"loc":{"start":{"line":334,"column":7},"end":{"line":334,"column":38}},"type":"cond-expr","locations":[{"start":{"line":334,"column":23},"end":{"line":334,"column":25}},{"start":{"line":334,"column":23},"end":{"line":334,"column":38}}]},"12":{"loc":{"start":{"line":334,"column":7},"end":{"line":334,"column":25}},"type":"binary-expr","locations":[{"start":{"line":334,"column":7},"end":{"line":334,"column":25}},{"start":{"line":334,"column":23},"end":{"line":334,"column":25}}]},"13":{"loc":{"start":{"line":355,"column":24},"end":{"line":355,"column":87}},"type":"cond-expr","locations":[{"start":{"line":355,"column":49},"end":{"line":355,"column":62}},{"start":{"line":355,"column":65},"end":{"line":355,"column":87}}]},"14":{"loc":{"start":{"line":400,"column":9},"end":{"line":400,"column":60}},"type":"binary-expr","locations":[{"start":{"line":400,"column":9},"end":{"line":400,"column":34}},{"start":{"line":400,"column":38},"end":{"line":400,"column":60}}]}},"s":{"0":1,"1":1,"2":1,"3":1,"4":1,"5":22,"6":15,"7":1,"8":14,"9":14,"10":14,"11":13,"12":12,"13":12,"14":8,"15":8,"16":8,"17":6,"18":6,"19":18,"20":18,"21":18,"22":15,"23":1,"24":1,"25":1,"26":12,"27":12,"28":46,"29":1,"30":11,"31":1,"32":10,"33":10,"34":27,"35":1,"36":9,"37":1,"38":2,"39":1,"40":1,"41":5,"42":1,"43":4,"44":3,"45":1,"46":2,"47":2,"48":2,"49":2,"50":2,"51":1,"52":6,"53":1},"f":{"0":22,"1":15,"2":18,"3":12,"4":27,"5":2,"6":5,"7":3,"8":1,"9":6},"b":{"0":[1],"1":[6,0],"2":[15,1,1,1],"3":[1],"4":[1],"5":[1],"6":[10,9],"7":[1],"8":[1],"9":[1],"10":[1],"11":[1,2],"12":[3,2],"13":[2,0],"14":[6,3]}}
,"/home/runner/work/obsidian-granola/obsidian-granola/src/converter.ts": {"path":"/home/runner/work/obsidian-granola/obsidian-granola/src/converter.ts","statementMap":{"0":{"start":{"line":5,"column":28},"end":{"line":5,"column":31}},"1":{"start":{"line":78,"column":2},"end":{"line":78,"column":23}},"2":{"start":{"line":106,"column":2},"end":{"line":106,"column":93}},"3":{"start":{"line":107,"column":2},"end":{"line":107,"column":62}},"4":{"start":{"line":108,"column":2},"end":{"line":108,"column":62}},"5":{"start":{"line":109,"column":2},"end":{"line":109,"column":58}},"6":{"start":{"line":110,"column":2},"end":{"line":110,"column":64}},"7":{"start":{"line":111,"column":2},"end":{"line":111,"column":70}},"8":{"start":{"line":112,"column":2},"end":{"line":112,"column":76}},"9":{"start":{"line":113,"column":2},"end":{"line":113,"column":93}},"10":{"start":{"line":115,"column":2},"end":{"line":126,"column":null}},"11":{"start":{"line":116,"column":3},"end":{"line":118,"column":5}},"12":{"start":{"line":119,"column":3},"end":{"line":121,"column":5}},"13":{"start":{"line":122,"column":3},"end":{"line":125,"column":5}},"14":{"start":{"line":128,"column":2},"end":{"line":134,"column":null}},"15":{"start":{"line":129,"column":3},"end":{"line":129,"column":64}},"16":{"start":{"line":130,"column":3},"end":{"line":132,"column":5}},"17":{"start":{"line":133,"column":3},"end":{"line":133,"column":82}},"18":{"start":{"line":136,"column":2},"end":{"line":139,"column":null}},"19":{"start":{"line":137,"column":3},"end":{"line":137,"column":70}},"20":{"start":{"line":138,"column":3},"end":{"line":138,"column":82}},"21":{"start":{"line":140,"column":2},"end":{"line":143,"column":null}},"22":{"start":{"line":141,"column":3},"end":{"line":141,"column":76}},"23":{"start":{"line":142,"column":3},"end":{"line":142,"column":88}},"24":{"start":{"line":146,"column":17},"end":{"line":146,"column":19}},"25":{"start":{"line":147,"column":22},"end":{"line":147,"column":31}},"26":{"start":{"line":150,"column":2},"end":{"line":165,"column":null}},"27":{"start":{"line":154,"column":3},"end":{"line":154,"column":77}},"28":{"start":{"line":155,"column":3},"end":{"line":155,"column":79}},"29":{"start":{"line":156,"column":3},"end":{"line":156,"column":39}},"30":{"start":{"line":157,"column":3},"end":{"line":157,"column":89}},"31":{"start":{"line":158,"column":3},"end":{"line":164,"column":null}},"32":{"start":{"line":159,"column":4},"end":{"line":159,"column":65}},"33":{"start":{"line":161,"column":4},"end":{"line":163,"column":6}},"34":{"start":{"line":168,"column":2},"end":{"line":180,"column":null}},"35":{"start":{"line":169,"column":3},"end":{"line":169,"column":75}},"36":{"start":{"line":170,"column":3},"end":{"line":170,"column":59}},"37":{"start":{"line":171,"column":3},"end":{"line":171,"column":33}},"38":{"start":{"line":172,"column":3},"end":{"line":172,"column":83}},"39":{"start":{"line":173,"column":3},"end":{"line":179,"column":null}},"40":{"start":{"line":174,"column":4},"end":{"line":174,"column":59}},"41":{"start":{"line":176,"column":4},"end":{"line":178,"column":6}},"42":{"start":{"line":183,"column":2},"end":{"line":187,"column":null}},"43":{"start":{"line":184,"column":3},"end":{"line":184,"column":40}},"44":{"start":{"line":185,"column":3},"end":{"line":185,"column":30}},"45":{"start":{"line":186,"column":3},"end":{"line":186,"column":82}},"46":{"start":{"line":190,"column":2},"end":{"line":194,"column":null}},"47":{"start":{"line":191,"column":3},"end":{"line":191,"column":37}},"48":{"start":{"line":192,"column":3},"end":{"line":192,"column":27}},"49":{"start":{"line":193,"column":3},"end":{"line":193,"column":79}},"50":{"start":{"line":197,"column":2},"end":{"line":197,"column":61}},"51":{"start":{"line":198,"column":2},"end":{"line":198,"column":64}},"52":{"start":{"line":199,"column":2},"end":{"line":199,"column":73}},"53":{"start":{"line":202,"column":2},"end":{"line":212,"column":null}},"54":{"start":{"line":203,"column":3},"end":{"line":205,"column":5}},"55":{"start":{"line":206,"column":3},"end":{"line":208,"column":5}},"56":{"start":{"line":211,"column":3},"end":{"line":211,"column":486}},"57":{"start":{"line":214,"column":22},"end":{"line":214,"column":51}},"58":{"start":{"line":215,"column":19},"end":{"line":215,"column":57}},"59":{"start":{"line":217,"column":18},"end":{"line":217,"column":65}},"60":{"start":{"line":219,"column":2},"end":{"line":223,"column":4}},"61":{"start":{"line":249,"column":2},"end":{"line":249,"column":72}},"62":{"start":{"line":250,"column":2},"end":{"line":250,"column":54}},"63":{"start":{"line":251,"column":2},"end":{"line":251,"column":53}},"64":{"start":{"line":254,"column":19},"end":{"line":254,"column":21}},"65":{"start":{"line":255,"column":2},"end":{"line":270,"column":null}},"66":{"start":{"line":256,"column":23},"end":{"line":256,"column":47}},"67":{"start":{"line":257,"column":3},"end":{"line":266,"column":null}},"68":{"start":{"line":258,"column":4},"end":{"line":258,"column":67}},"69":{"start":{"line":259,"column":4},"end":{"line":259,"column":32}},"70":{"start":{"line":262,"column":17},"end":{"line":262,"column":42}},"71":{"start":{"line":263,"column":18},"end":{"line":263,"column":74}},"72":{"start":{"line":264,"column":16},"end":{"line":264,"column":65}},"73":{"start":{"line":265,"column":4},"end":{"line":265,"column":43}},"74":{"start":{"line":268,"column":3},"end":{"line":268,"column":53}},"75":{"start":{"line":269,"column":3},"end":{"line":269,"column":31}},"76":{"start":{"line":273,"column":16},"end":{"line":273,"column":49}},"77":{"start":{"line":274,"column":25},"end":{"line":274,"column":53}},"78":{"start":{"line":277,"column":19},"end":{"line":277,"column":54}},"79":{"start":{"line":279,"column":2},"end":{"line":279,"column":57}},"80":{"start":{"line":281,"column":2},"end":{"line":281,"column":18}},"81":{"start":{"line":296,"column":2},"end":{"line":299,"column":null}},"82":{"start":{"line":297,"column":3},"end":{"line":297,"column":58}},"83":{"start":{"line":298,"column":3},"end":{"line":298,"column":16}},"84":{"start":{"line":301,"column":2},"end":{"line":304,"column":null}},"85":{"start":{"line":302,"column":3},"end":{"line":302,"column":70}},"86":{"start":{"line":303,"column":3},"end":{"line":303,"column":16}},"87":{"start":{"line":306,"column":2},"end":{"line":309,"column":null}},"88":{"start":{"line":307,"column":3},"end":{"line":307,"column":61}},"89":{"start":{"line":308,"column":3},"end":{"line":308,"column":16}},"90":{"start":{"line":311,"column":2},"end":{"line":314,"column":null}},"91":{"start":{"line":312,"column":3},"end":{"line":312,"column":64}},"92":{"start":{"line":313,"column":3},"end":{"line":313,"column":16}},"93":{"start":{"line":317,"column":2},"end":{"line":317,"column":85}},"94":{"start":{"line":318,"column":2},"end":{"line":321,"column":4}},"95":{"start":{"line":324,"column":2},"end":{"line":324,"column":67}},"96":{"start":{"line":325,"column":2},"end":{"line":325,"column":14}},"97":{"start":{"line":336,"column":13},"end":{"line":336,"column":15}},"98":{"start":{"line":338,"column":2},"end":{"line":338,"column":78}},"99":{"start":{"line":340,"column":2},"end":{"line":367,"column":null}},"100":{"start":{"line":340,"column":15},"end":{"line":340,"column":16}},"101":{"start":{"line":341,"column":16},"end":{"line":341,"column":24}},"102":{"start":{"line":342,"column":3},"end":{"line":342,"column":77}},"103":{"start":{"line":344,"column":3},"end":{"line":366,"column":null}},"104":{"start":{"line":346,"column":4},"end":{"line":349,"column":null}},"105":{"start":{"line":347,"column":5},"end":{"line":347,"column":60}},"106":{"start":{"line":348,"column":5},"end":{"line":348,"column":23}},"107":{"start":{"line":352,"column":4},"end":{"line":357,"column":null}},"108":{"start":{"line":353,"column":5},"end":{"line":353,"column":81}},"109":{"start":{"line":354,"column":23},"end":{"line":354,"column":62}},"110":{"start":{"line":355,"column":5},"end":{"line":355,"column":63}},"111":{"start":{"line":356,"column":5},"end":{"line":356,"column":23}},"112":{"start":{"line":360,"column":4},"end":{"line":362,"column":null}},"113":{"start":{"line":361,"column":5},"end":{"line":361,"column":76}},"114":{"start":{"line":364,"column":4},"end":{"line":364,"column":70}},"115":{"start":{"line":369,"column":2},"end":{"line":369,"column":14}},"116":{"start":{"line":397,"column":2},"end":{"line":397,"column":70}},"117":{"start":{"line":399,"column":2},"end":{"line":447,"column":null}},"118":{"start":{"line":401,"column":3},"end":{"line":404,"column":null}},"119":{"start":{"line":402,"column":4},"end":{"line":402,"column":52}},"120":{"start":{"line":403,"column":4},"end":{"line":403,"column":14}},"121":{"start":{"line":406,"column":3},"end":{"line":410,"column":null}},"122":{"start":{"line":407,"column":4},"end":{"line":407,"column":62}},"123":{"start":{"line":408,"column":4},"end":{"line":408,"column":70}},"124":{"start":{"line":409,"column":4},"end":{"line":409,"column":14}},"125":{"start":{"line":412,"column":3},"end":{"line":412,"column":73}},"126":{"start":{"line":414,"column":36},"end":{"line":414,"column":38}},"127":{"start":{"line":416,"column":3},"end":{"line":434,"column":null}},"128":{"start":{"line":416,"column":20},"end":{"line":416,"column":21}},"129":{"start":{"line":417,"column":17},"end":{"line":417,"column":35}},"130":{"start":{"line":418,"column":4},"end":{"line":433,"column":null}},"131":{"start":{"line":419,"column":5},"end":{"line":419,"column":69}},"132":{"start":{"line":420,"column":23},"end":{"line":420,"column":45}},"133":{"start":{"line":421,"column":5},"end":{"line":421,"column":65}},"134":{"start":{"line":422,"column":5},"end":{"line":422,"column":36}},"135":{"start":{"line":425,"column":6},"end":{"line":425,"column":70}},"136":{"start":{"line":426,"column":5},"end":{"line":426,"column":83}},"137":{"start":{"line":427,"column":5},"end":{"line":427,"column":75}},"138":{"start":{"line":430,"column":5},"end":{"line":432,"column":7}},"139":{"start":{"line":436,"column":18},"end":{"line":436,"column":52}},"140":{"start":{"line":437,"column":3},"end":{"line":437,"column":57}},"141":{"start":{"line":439,"column":3},"end":{"line":439,"column":17}},"142":{"start":{"line":441,"column":20},"end":{"line":441,"column":76}},"143":{"start":{"line":442,"column":3},"end":{"line":442,"column":73}},"144":{"start":{"line":443,"column":3},"end":{"line":443,"column":74}},"145":{"start":{"line":446,"column":3},"end":{"line":446,"column":65}},"146":{"start":{"line":477,"column":2},"end":{"line":515,"column":null}},"147":{"start":{"line":479,"column":4},"end":{"line":479,"column":39}},"148":{"start":{"line":482,"column":4},"end":{"line":482,"column":37}},"149":{"start":{"line":486,"column":4},"end":{"line":486,"column":34}},"150":{"start":{"line":489,"column":4},"end":{"line":489,"column":38}},"151":{"start":{"line":492,"column":4},"end":{"line":492,"column":34}},"152":{"start":{"line":495,"column":4},"end":{"line":495,"column":16}},"153":{"start":{"line":498,"column":4},"end":{"line":498,"column":39}},"154":{"start":{"line":501,"column":4},"end":{"line":501,"column":40}},"155":{"start":{"line":504,"column":4},"end":{"line":504,"column":35}},"156":{"start":{"line":507,"column":4},"end":{"line":507,"column":17}},"157":{"start":{"line":511,"column":4},"end":{"line":513,"column":null}},"158":{"start":{"line":512,"column":5},"end":{"line":512,"column":72}},"159":{"start":{"line":512,"column":38},"end":{"line":512,"column":61}},"160":{"start":{"line":514,"column":4},"end":{"line":514,"column":27}},"161":{"start":{"line":544,"column":2},"end":{"line":546,"column":null}},"162":{"start":{"line":545,"column":3},"end":{"line":545,"column":13}},"163":{"start":{"line":548,"column":2},"end":{"line":548,"column":69}},"164":{"start":{"line":548,"column":35},"end":{"line":548,"column":58}},"165":{"start":{"line":574,"column":16},"end":{"line":574,"column":50}},"166":{"start":{"line":575,"column":24},"end":{"line":575,"column":54}},"167":{"start":{"line":577,"column":2},"end":{"line":579,"column":null}},"168":{"start":{"line":578,"column":3},"end":{"line":578,"column":30}},"169":{"start":{"line":581,"column":15},"end":{"line":581,"column":74}},"170":{"start":{"line":581,"column":41},"end":{"line":581,"column":64}},"171":{"start":{"line":582,"column":2},"end":{"line":582,"column":36}},"172":{"start":{"line":610,"column":2},"end":{"line":612,"column":null}},"173":{"start":{"line":611,"column":3},"end":{"line":611,"column":13}},"174":{"start":{"line":614,"column":20},"end":{"line":614,"column":47}},"175":{"start":{"line":616,"column":2},"end":{"line":622,"column":15}},"176":{"start":{"line":618,"column":19},"end":{"line":618,"column":52}},"177":{"start":{"line":619,"column":20},"end":{"line":619,"column":46}},"178":{"start":{"line":620,"column":4},"end":{"line":620,"column":34}},"179":{"start":{"line":652,"column":2},"end":{"line":654,"column":null}},"180":{"start":{"line":653,"column":3},"end":{"line":653,"column":13}},"181":{"start":{"line":656,"column":2},"end":{"line":663,"column":15}},"182":{"start":{"line":658,"column":4},"end":{"line":660,"column":null}},"183":{"start":{"line":659,"column":5},"end":{"line":659,"column":41}},"184":{"start":{"line":661,"column":4},"end":{"line":661,"column":35}},"185":{"start":{"line":693,"column":13},"end":{"line":693,"column":28}},"186":{"start":{"line":695,"column":2},"end":{"line":714,"column":null}},"187":{"start":{"line":696,"column":3},"end":{"line":713,"column":null}},"188":{"start":{"line":697,"column":4},"end":{"line":712,"column":null}},"189":{"start":{"line":699,"column":6},"end":{"line":699,"column":27}},"190":{"start":{"line":700,"column":6},"end":{"line":700,"column":12}},"191":{"start":{"line":702,"column":6},"end":{"line":702,"column":25}},"192":{"start":{"line":703,"column":6},"end":{"line":703,"column":12}},"193":{"start":{"line":705,"column":6},"end":{"line":705,"column":27}},"194":{"start":{"line":706,"column":6},"end":{"line":706,"column":12}},"195":{"start":{"line":708,"column":19},"end":{"line":708,"column":42}},"196":{"start":{"line":709,"column":6},"end":{"line":709,"column":34}},"197":{"start":{"line":710,"column":6},"end":{"line":710,"column":12}},"198":{"start":{"line":716,"column":2},"end":{"line":716,"column":14}},"199":{"start":{"line":744,"column":19},"end":{"line":744,"column":57}},"200":{"start":{"line":745,"column":15},"end":{"line":745,"column":89}},"201":{"start":{"line":745,"column":42},"end":{"line":745,"column":58}},"202":{"start":{"line":746,"column":2},"end":{"line":746,"column":46}},"203":{"start":{"line":776,"column":2},"end":{"line":778,"column":null}},"204":{"start":{"line":777,"column":3},"end":{"line":777,"column":15}},"205":{"start":{"line":780,"column":2},"end":{"line":788,"column":15}},"206":{"start":{"line":782,"column":20},"end":{"line":782,"column":43}},"207":{"start":{"line":783,"column":4},"end":{"line":786,"column":17}},"208":{"start":{"line":785,"column":18},"end":{"line":785,"column":29}},"209":{"start":{"line":828,"column":2},"end":{"line":830,"column":null}},"210":{"start":{"line":829,"column":3},"end":{"line":829,"column":13}},"211":{"start":{"line":832,"column":15},"end":{"line":832,"column":65}},"212":{"start":{"line":832,"column":39},"end":{"line":832,"column":64}},"213":{"start":{"line":834,"column":2},"end":{"line":836,"column":null}},"214":{"start":{"line":835,"column":3},"end":{"line":835,"column":13}},"215":{"start":{"line":839,"column":2},"end":{"line":842,"column":null}},"216":{"start":{"line":840,"column":27},"end":{"line":840,"column":69}},"217":{"start":{"line":841,"column":3},"end":{"line":841,"column":38}},"218":{"start":{"line":844,"column":2},"end":{"line":844,"column":25}},"219":{"start":{"line":871,"column":2},"end":{"line":873,"column":null}},"220":{"start":{"line":872,"column":3},"end":{"line":872,"column":17}},"221":{"start":{"line":875,"column":16},"end":{"line":878,"column":4}},"222":{"start":{"line":876,"column":19},"end":{"line":876,"column":85}},"223":{"start":{"line":876,"column":46},"end":{"line":876,"column":69}},"224":{"start":{"line":877,"column":3},"end":{"line":877,"column":32}},"225":{"start":{"line":880,"column":2},"end":{"line":880,"column":32}},"226":{"start":{"line":902,"column":20},"end":{"line":902,"column":61}},"227":{"start":{"line":903,"column":21},"end":{"line":903,"column":51}},"228":{"start":{"line":904,"column":2},"end":{"line":904,"column":37}},"229":{"start":{"line":932,"column":2},"end":{"line":935,"column":4}},"230":{"start":{"line":962,"column":26},"end":{"line":968,"column":14}},"231":{"start":{"line":970,"column":2},"end":{"line":970,"column":36}},"232":{"start":{"line":997,"column":2},"end":{"line":1001,"column":38}},"233":{"start":{"line":74,"column":0},"end":{"line":74,"column":13}}},"fnMap":{"0":{"name":"(anonymous_0)","decl":{"start":{"line":77,"column":1},"end":{"line":77,"column":13}},"loc":{"start":{"line":77,"column":27},"end":{"line":79,"column":2}}},"1":{"name":"(anonymous_1)","decl":{"start":{"line":104,"column":1},"end":{"line":104,"column":16}},"loc":{"start":{"line":104,"column":37},"end":{"line":224,"column":2}}},"2":{"name":"(anonymous_2)","decl":{"start":{"line":248,"column":9},"end":{"line":248,"column":37}},"loc":{"start":{"line":248,"column":58},"end":{"line":282,"column":2}}},"3":{"name":"(anonymous_3)","decl":{"start":{"line":295,"column":9},"end":{"line":295,"column":30}},"loc":{"start":{"line":295,"column":50},"end":{"line":326,"column":2}}},"4":{"name":"(anonymous_4)","decl":{"start":{"line":335,"column":9},"end":{"line":335,"column":29}},"loc":{"start":{"line":335,"column":54},"end":{"line":370,"column":2}}},"5":{"name":"(anonymous_5)","decl":{"start":{"line":396,"column":9},"end":{"line":396,"column":37}},"loc":{"start":{"line":396,"column":57},"end":{"line":448,"column":2}}},"6":{"name":"(anonymous_6)","decl":{"start":{"line":476,"column":9},"end":{"line":476,"column":20}},"loc":{"start":{"line":476,"column":42},"end":{"line":516,"column":2}}},"7":{"name":"(anonymous_7)","decl":{"start":{"line":512,"column":29},"end":{"line":512,"column":34}},"loc":{"start":{"line":512,"column":38},"end":{"line":512,"column":61}}},"8":{"name":"(anonymous_8)","decl":{"start":{"line":543,"column":9},"end":{"line":543,"column":25}},"loc":{"start":{"line":543,"column":47},"end":{"line":549,"column":2}}},"9":{"name":"(anonymous_9)","decl":{"start":{"line":548,"column":26},"end":{"line":548,"column":31}},"loc":{"start":{"line":548,"column":35},"end":{"line":548,"column":58}}},"10":{"name":"(anonymous_10)","decl":{"start":{"line":573,"column":9},"end":{"line":573,"column":23}},"loc":{"start":{"line":573,"column":45},"end":{"line":583,"column":2}}},"11":{"name":"(anonymous_11)","decl":{"start":{"line":581,"column":32},"end":{"line":581,"column":37}},"loc":{"start":{"line":581,"column":41},"end":{"line":581,"column":64}}},"12":{"name":"(anonymous_12)","decl":{"start":{"line":609,"column":9},"end":{"line":609,"column":20}},"loc":{"start":{"line":609,"column":42},"end":{"line":623,"column":2}}},"13":{"name":"(anonymous_13)","decl":{"start":{"line":617,"column":8},"end":{"line":617,"column":9}},"loc":{"start":{"line":617,"column":24},"end":{"line":621,"column":4}}},"14":{"name":"(anonymous_14)","decl":{"start":{"line":651,"column":9},"end":{"line":651,"column":24}},"loc":{"start":{"line":651,"column":46},"end":{"line":664,"column":2}}},"15":{"name":"(anonymous_15)","decl":{"start":{"line":657,"column":8},"end":{"line":657,"column":13}},"loc":{"start":{"line":657,"column":16},"end":{"line":662,"column":4}}},"16":{"name":"(anonymous_16)","decl":{"start":{"line":692,"column":9},"end":{"line":692,"column":20}},"loc":{"start":{"line":692,"column":42},"end":{"line":717,"column":2}}},"17":{"name":"(anonymous_17)","decl":{"start":{"line":743,"column":9},"end":{"line":743,"column":25}},"loc":{"start":{"line":743,"column":47},"end":{"line":747,"column":2}}},"18":{"name":"(anonymous_18)","decl":{"start":{"line":745,"column":33},"end":{"line":745,"column":38}},"loc":{"start":{"line":745,"column":42},"end":{"line":745,"column":58}}},"19":{"name":"(anonymous_19)","decl":{"start":{"line":775,"column":9},"end":{"line":775,"column":26}},"loc":{"start":{"line":775,"column":48},"end":{"line":789,"column":2}}},"20":{"name":"(anonymous_20)","decl":{"start":{"line":781,"column":8},"end":{"line":781,"column":13}},"loc":{"start":{"line":781,"column":16},"end":{"line":787,"column":4}}},"21":{"name":"(anonymous_21)","decl":{"start":{"line":785,"column":10},"end":{"line":785,"column":14}},"loc":{"start":{"line":785,"column":18},"end":{"line":785,"column":29}}},"22":{"name":"(anonymous_22)","decl":{"start":{"line":827,"column":9},"end":{"line":827,"column":21}},"loc":{"start":{"line":827,"column":43},"end":{"line":845,"column":2}}},"23":{"name":"(anonymous_23)","decl":{"start":{"line":832,"column":32},"end":{"line":832,"column":35}},"loc":{"start":{"line":832,"column":39},"end":{"line":832,"column":64}}},"24":{"name":"(anonymous_24)","decl":{"start":{"line":870,"column":9},"end":{"line":870,"column":24}},"loc":{"start":{"line":870,"column":46},"end":{"line":881,"column":2}}},"25":{"name":"(anonymous_25)","decl":{"start":{"line":875,"column":33},"end":{"line":875,"column":37}},"loc":{"start":{"line":875,"column":40},"end":{"line":878,"column":3}}},"26":{"name":"(anonymous_26)","decl":{"start":{"line":876,"column":37},"end":{"line":876,"column":42}},"loc":{"start":{"line":876,"column":46},"end":{"line":876,"column":69}}},"27":{"name":"(anonymous_27)","decl":{"start":{"line":901,"column":9},"end":{"line":901,"column":37}},"loc":{"start":{"line":901,"column":55},"end":{"line":905,"column":2}}},"28":{"name":"(anonymous_28)","decl":{"start":{"line":931,"column":9},"end":{"line":931,"column":28}},"loc":{"start":{"line":931,"column":49},"end":{"line":936,"column":2}}},"29":{"name":"(anonymous_29)","decl":{"start":{"line":961,"column":9},"end":{"line":961,"column":28}},"loc":{"start":{"line":961,"column":75},"end":{"line":971,"column":2}}},"30":{"name":"(anonymous_30)","decl":{"start":{"line":995,"column":9},"end":{"line":995,"column":25}},"loc":{"start":{"line":995,"column":42},"end":{"line":1002,"column":2}}}},"branchMap":{"0":{"loc":{"start":{"line":113,"column":59},"end":{"line":113,"column":89}},"type":"cond-expr","locations":[{"start":{"line":113,"column":80},"end":{"line":113,"column":82}},{"start":{"line":113,"column":80},"end":{"line":113,"column":89}}]},"1":{"loc":{"start":{"line":113,"column":59},"end":{"line":113,"column":82}},"type":"binary-expr","locations":[{"start":{"line":113,"column":59},"end":{"line":113,"column":82}},{"start":{"line":113,"column":80},"end":{"line":113,"column":82}}]},"2":{"loc":{"start":{"line":115,"column":2},"end":{"line":126,"column":null}},"type":"if","locations":[{"start":{"line":115,"column":2},"end":{"line":126,"column":null}}]},"3":{"loc":{"start":{"line":115,"column":6},"end":{"line":115,"column":36}},"type":"cond-expr","locations":[{"start":{"line":115,"column":27},"end":{"line":115,"column":29}},{"start":{"line":115,"column":27},"end":{"line":115,"column":36}}]},"4":{"loc":{"start":{"line":115,"column":6},"end":{"line":115,"column":29}},"type":"binary-expr","locations":[{"start":{"line":115,"column":6},"end":{"line":115,"column":29}},{"start":{"line":115,"column":27},"end":{"line":115,"column":29}}]},"5":{"loc":{"start":{"line":120,"column":47},"end":{"line":120,"column":152}},"type":"cond-expr","locations":[{"start":{"line":120,"column":87},"end":{"line":120,"column":131}},{"start":{"line":120,"column":134},"end":{"line":120,"column":152}}]},"6":{"loc":{"start":{"line":128,"column":2},"end":{"line":134,"column":null}},"type":"if","locations":[{"start":{"line":128,"column":2},"end":{"line":134,"column":null}}]},"7":{"loc":{"start":{"line":131,"column":35},"end":{"line":131,"column":100}},"type":"cond-expr","locations":[{"start":{"line":131,"column":55},"end":{"line":131,"column":79}},{"start":{"line":131,"column":82},"end":{"line":131,"column":100}}]},"8":{"loc":{"start":{"line":136,"column":2},"end":{"line":139,"column":null}},"type":"if","locations":[{"start":{"line":136,"column":2},"end":{"line":139,"column":null}}]},"9":{"loc":{"start":{"line":140,"column":2},"end":{"line":143,"column":null}},"type":"if","locations":[{"start":{"line":140,"column":2},"end":{"line":143,"column":null}}]},"10":{"loc":{"start":{"line":150,"column":2},"end":{"line":165,"column":null}},"type":"if","locations":[{"start":{"line":150,"column":2},"end":{"line":165,"column":null}}]},"11":{"loc":{"start":{"line":151,"column":3},"end":{"line":152,"column":60}},"type":"binary-expr","locations":[{"start":{"line":151,"column":3},"end":{"line":151,"column":33}},{"start":{"line":152,"column":3},"end":{"line":152,"column":60}}]},"12":{"loc":{"start":{"line":151,"column":3},"end":{"line":151,"column":33}},"type":"cond-expr","locations":[{"start":{"line":151,"column":24},"end":{"line":151,"column":26}},{"start":{"line":151,"column":24},"end":{"line":151,"column":33}}]},"13":{"loc":{"start":{"line":151,"column":3},"end":{"line":151,"column":26}},"type":"binary-expr","locations":[{"start":{"line":151,"column":3},"end":{"line":151,"column":26}},{"start":{"line":151,"column":24},"end":{"line":151,"column":26}}]},"14":{"loc":{"start":{"line":158,"column":3},"end":{"line":164,"column":null}},"type":"if","locations":[{"start":{"line":158,"column":3},"end":{"line":164,"column":null}},{"start":{"line":160,"column":10},"end":{"line":164,"column":null}}]},"15":{"loc":{"start":{"line":168,"column":2},"end":{"line":180,"column":null}},"type":"if","locations":[{"start":{"line":168,"column":2},"end":{"line":180,"column":null}}]},"16":{"loc":{"start":{"line":168,"column":6},"end":{"line":168,"column":76}},"type":"binary-expr","locations":[{"start":{"line":168,"column":6},"end":{"line":168,"column":22}},{"start":{"line":168,"column":26},"end":{"line":168,"column":35}},{"start":{"line":168,"column":39},"end":{"line":168,"column":76}}]},"17":{"loc":{"start":{"line":173,"column":3},"end":{"line":179,"column":null}},"type":"if","locations":[{"start":{"line":173,"column":3},"end":{"line":179,"column":null}},{"start":{"line":175,"column":10},"end":{"line":179,"column":null}}]},"18":{"loc":{"start":{"line":183,"column":2},"end":{"line":187,"column":null}},"type":"if","locations":[{"start":{"line":183,"column":2},"end":{"line":187,"column":null}}]},"19":{"loc":{"start":{"line":183,"column":6},"end":{"line":183,"column":73}},"type":"binary-expr","locations":[{"start":{"line":183,"column":6},"end":{"line":183,"column":22}},{"start":{"line":183,"column":26},"end":{"line":183,"column":44}},{"start":{"line":183,"column":48},"end":{"line":183,"column":73}}]},"20":{"loc":{"start":{"line":190,"column":2},"end":{"line":194,"column":null}},"type":"if","locations":[{"start":{"line":190,"column":2},"end":{"line":194,"column":null}}]},"21":{"loc":{"start":{"line":190,"column":6},"end":{"line":190,"column":67}},"type":"binary-expr","locations":[{"start":{"line":190,"column":6},"end":{"line":190,"column":22}},{"start":{"line":190,"column":26},"end":{"line":190,"column":41}},{"start":{"line":190,"column":45},"end":{"line":190,"column":67}}]},"22":{"loc":{"start":{"line":202,"column":2},"end":{"line":212,"column":null}},"type":"if","locations":[{"start":{"line":202,"column":2},"end":{"line":212,"column":null}}]},"23":{"loc":{"start":{"line":257,"column":3},"end":{"line":266,"column":null}},"type":"if","locations":[{"start":{"line":257,"column":3},"end":{"line":266,"column":null}},{"start":{"line":260,"column":10},"end":{"line":266,"column":null}}]},"24":{"loc":{"start":{"line":273,"column":16},"end":{"line":273,"column":49}},"type":"binary-expr","locations":[{"start":{"line":273,"column":16},"end":{"line":273,"column":25}},{"start":{"line":273,"column":29},"end":{"line":273,"column":49}}]},"25":{"loc":{"start":{"line":296,"column":2},"end":{"line":299,"column":null}},"type":"if","locations":[{"start":{"line":296,"column":2},"end":{"line":299,"column":null}}]},"26":{"loc":{"start":{"line":301,"column":2},"end":{"line":304,"column":null}},"type":"if","locations":[{"start":{"line":301,"column":2},"end":{"line":304,"column":null}}]},"27":{"loc":{"start":{"line":306,"column":2},"end":{"line":309,"column":null}},"type":"if","locations":[{"start":{"line":306,"column":2},"end":{"line":309,"column":null}}]},"28":{"loc":{"start":{"line":306,"column":6},"end":{"line":306,"column":49}},"type":"binary-expr","locations":[{"start":{"line":306,"column":6},"end":{"line":306,"column":18}},{"start":{"line":306,"column":22},"end":{"line":306,"column":49}}]},"29":{"loc":{"start":{"line":311,"column":2},"end":{"line":314,"column":null}},"type":"if","locations":[{"start":{"line":311,"column":2},"end":{"line":314,"column":null}}]},"30":{"loc":{"start":{"line":346,"column":4},"end":{"line":349,"column":null}},"type":"if","locations":[{"start":{"line":346,"column":4},"end":{"line":349,"column":null}}]},"31":{"loc":{"start":{"line":352,"column":4},"end":{"line":357,"column":null}},"type":"if","locations":[{"start":{"line":352,"column":4},"end":{"line":357,"column":null}}]},"32":{"loc":{"start":{"line":352,"column":8},"end":{"line":352,"column":78}},"type":"binary-expr","locations":[{"start":{"line":352,"column":8},"end":{"line":352,"column":20}},{"start":{"line":352,"column":24},"end":{"line":352,"column":51}},{"start":{"line":352,"column":55},"end":{"line":352,"column":78}}]},"33":{"loc":{"start":{"line":360,"column":4},"end":{"line":362,"column":null}},"type":"if","locations":[{"start":{"line":360,"column":4},"end":{"line":362,"column":null}}]},"34":{"loc":{"start":{"line":360,"column":8},"end":{"line":360,"column":81}},"type":"binary-expr","locations":[{"start":{"line":360,"column":8},"end":{"line":360,"column":33}},{"start":{"line":360,"column":38},"end":{"line":360,"column":51}},{"start":{"line":360,"column":55},"end":{"line":360,"column":80}}]},"35":{"loc":{"start":{"line":401,"column":3},"end":{"line":404,"column":null}},"type":"if","locations":[{"start":{"line":401,"column":3},"end":{"line":404,"column":null}}]},"36":{"loc":{"start":{"line":406,"column":3},"end":{"line":410,"column":null}},"type":"if","locations":[{"start":{"line":406,"column":3},"end":{"line":410,"column":null}}]},"37":{"loc":{"start":{"line":406,"column":7},"end":{"line":406,"column":47}},"type":"binary-expr","locations":[{"start":{"line":406,"column":7},"end":{"line":406,"column":19}},{"start":{"line":406,"column":23},"end":{"line":406,"column":47}}]},"38":{"loc":{"start":{"line":425,"column":6},"end":{"line":425,"column":70}},"type":"cond-expr","locations":[{"start":{"line":425,"column":35},"end":{"line":425,"column":52}},{"start":{"line":425,"column":55},"end":{"line":425,"column":70}}]},"39":{"loc":{"start":{"line":431,"column":27},"end":{"line":431,"column":49}},"type":"binary-expr","locations":[{"start":{"line":431,"column":27},"end":{"line":431,"column":36}},{"start":{"line":431,"column":40},"end":{"line":431,"column":49}}]},"40":{"loc":{"start":{"line":441,"column":20},"end":{"line":441,"column":76}},"type":"cond-expr","locations":[{"start":{"line":441,"column":45},"end":{"line":441,"column":58}},{"start":{"line":441,"column":61},"end":{"line":441,"column":76}}]},"41":{"loc":{"start":{"line":477,"column":2},"end":{"line":515,"column":null}},"type":"switch","locations":[{"start":{"line":478,"column":3},"end":{"line":479,"column":39}},{"start":{"line":481,"column":3},"end":{"line":482,"column":37}},{"start":{"line":484,"column":3},"end":{"line":484,"column":21}},{"start":{"line":485,"column":3},"end":{"line":486,"column":34}},{"start":{"line":488,"column":3},"end":{"line":489,"column":38}},{"start":{"line":491,"column":3},"end":{"line":492,"column":34}},{"start":{"line":494,"column":3},"end":{"line":495,"column":16}},{"start":{"line":497,"column":3},"end":{"line":498,"column":39}},{"start":{"line":500,"column":3},"end":{"line":501,"column":40}},{"start":{"line":503,"column":3},"end":{"line":504,"column":35}},{"start":{"line":506,"column":3},"end":{"line":507,"column":17}},{"start":{"line":509,"column":3},"end":{"line":514,"column":27}}]},"42":{"loc":{"start":{"line":511,"column":4},"end":{"line":513,"column":null}},"type":"if","locations":[{"start":{"line":511,"column":4},"end":{"line":513,"column":null}}]},"43":{"loc":{"start":{"line":514,"column":11},"end":{"line":514,"column":26}},"type":"binary-expr","locations":[{"start":{"line":514,"column":11},"end":{"line":514,"column":20}},{"start":{"line":514,"column":24},"end":{"line":514,"column":26}}]},"44":{"loc":{"start":{"line":544,"column":2},"end":{"line":546,"column":null}},"type":"if","locations":[{"start":{"line":544,"column":2},"end":{"line":546,"column":null}}]},"45":{"loc":{"start":{"line":574,"column":16},"end":{"line":574,"column":50}},"type":"binary-expr","locations":[{"start":{"line":574,"column":17},"end":{"line":574,"column":45}},{"start":{"line":574,"column":49},"end":{"line":574,"column":50}}]},"46":{"loc":{"start":{"line":574,"column":17},"end":{"line":574,"column":45}},"type":"cond-expr","locations":[{"start":{"line":574,"column":27},"end":{"line":574,"column":29}},{"start":{"line":574,"column":27},"end":{"line":574,"column":45}}]},"47":{"loc":{"start":{"line":574,"column":17},"end":{"line":574,"column":29}},"type":"binary-expr","locations":[{"start":{"line":574,"column":17},"end":{"line":574,"column":29}},{"start":{"line":574,"column":27},"end":{"line":574,"column":29}}]},"48":{"loc":{"start":{"line":577,"column":2},"end":{"line":579,"column":null}},"type":"if","locations":[{"start":{"line":577,"column":2},"end":{"line":579,"column":null}}]},"49":{"loc":{"start":{"line":610,"column":2},"end":{"line":612,"column":null}},"type":"if","locations":[{"start":{"line":610,"column":2},"end":{"line":612,"column":null}}]},"50":{"loc":{"start":{"line":618,"column":19},"end":{"line":618,"column":52}},"type":"cond-expr","locations":[{"start":{"line":618,"column":31},"end":{"line":618,"column":46}},{"start":{"line":618,"column":49},"end":{"line":618,"column":52}}]},"51":{"loc":{"start":{"line":652,"column":2},"end":{"line":654,"column":null}},"type":"if","locations":[{"start":{"line":652,"column":2},"end":{"line":654,"column":null}}]},"52":{"loc":{"start":{"line":658,"column":4},"end":{"line":660,"column":null}},"type":"if","locations":[{"start":{"line":658,"column":4},"end":{"line":660,"column":null}}]},"53":{"loc":{"start":{"line":693,"column":13},"end":{"line":693,"column":28}},"type":"binary-expr","locations":[{"start":{"line":693,"column":13},"end":{"line":693,"column":22}},{"start":{"line":693,"column":26},"end":{"line":693,"column":28}}]},"54":{"loc":{"start":{"line":695,"column":2},"end":{"line":714,"column":null}},"type":"if","locations":[{"start":{"line":695,"column":2},"end":{"line":714,"column":null}}]},"55":{"loc":{"start":{"line":697,"column":4},"end":{"line":712,"column":null}},"type":"switch","locations":[{"start":{"line":698,"column":5},"end":{"line":700,"column":12}},{"start":{"line":701,"column":5},"end":{"line":703,"column":12}},{"start":{"line":704,"column":5},"end":{"line":706,"column":12}},{"start":{"line":707,"column":5},"end":{"line":711,"column":null}}]},"56":{"loc":{"start":{"line":708,"column":19},"end":{"line":708,"column":42}},"type":"binary-expr","locations":[{"start":{"line":708,"column":19},"end":{"line":708,"column":35}},{"start":{"line":708,"column":39},"end":{"line":708,"column":42}}]},"57":{"loc":{"start":{"line":708,"column":19},"end":{"line":708,"column":35}},"type":"cond-expr","locations":[{"start":{"line":708,"column":29},"end":{"line":708,"column":31}},{"start":{"line":708,"column":29},"end":{"line":708,"column":35}}]},"58":{"loc":{"start":{"line":708,"column":19},"end":{"line":708,"column":31}},"type":"binary-expr","locations":[{"start":{"line":708,"column":19},"end":{"line":708,"column":31}},{"start":{"line":708,"column":29},"end":{"line":708,"column":31}}]},"59":{"loc":{"start":{"line":744,"column":19},"end":{"line":744,"column":57}},"type":"binary-expr","locations":[{"start":{"line":744,"column":20},"end":{"line":744,"column":51}},{"start":{"line":744,"column":55},"end":{"line":744,"column":57}}]},"60":{"loc":{"start":{"line":744,"column":20},"end":{"line":744,"column":51}},"type":"cond-expr","locations":[{"start":{"line":744,"column":30},"end":{"line":744,"column":32}},{"start":{"line":744,"column":30},"end":{"line":744,"column":51}}]},"61":{"loc":{"start":{"line":744,"column":20},"end":{"line":744,"column":32}},"type":"binary-expr","locations":[{"start":{"line":744,"column":20},"end":{"line":744,"column":32}},{"start":{"line":744,"column":30},"end":{"line":744,"column":32}}]},"62":{"loc":{"start":{"line":745,"column":15},"end":{"line":745,"column":89}},"type":"binary-expr","locations":[{"start":{"line":745,"column":15},"end":{"line":745,"column":70}},{"start":{"line":745,"column":74},"end":{"line":745,"column":83}},{"start":{"line":745,"column":87},"end":{"line":745,"column":89}}]},"63":{"loc":{"start":{"line":745,"column":15},"end":{"line":745,"column":70}},"type":"cond-expr","locations":[{"start":{"line":745,"column":27},"end":{"line":745,"column":29}},{"start":{"line":745,"column":27},"end":{"line":745,"column":70}}]},"64":{"loc":{"start":{"line":745,"column":15},"end":{"line":745,"column":29}},"type":"binary-expr","locations":[{"start":{"line":745,"column":15},"end":{"line":745,"column":29}},{"start":{"line":745,"column":27},"end":{"line":745,"column":29}}]},"65":{"loc":{"start":{"line":745,"column":42},"end":{"line":745,"column":58}},"type":"binary-expr","locations":[{"start":{"line":745,"column":42},"end":{"line":745,"column":52}},{"start":{"line":745,"column":56},"end":{"line":745,"column":58}}]},"66":{"loc":{"start":{"line":776,"column":2},"end":{"line":778,"column":null}},"type":"if","locations":[{"start":{"line":776,"column":2},"end":{"line":778,"column":null}}]},"67":{"loc":{"start":{"line":828,"column":2},"end":{"line":830,"column":null}},"type":"if","locations":[{"start":{"line":828,"column":2},"end":{"line":830,"column":null}}]},"68":{"loc":{"start":{"line":834,"column":2},"end":{"line":836,"column":null}},"type":"if","locations":[{"start":{"line":834,"column":2},"end":{"line":836,"column":null}}]},"69":{"loc":{"start":{"line":839,"column":2},"end":{"line":842,"column":null}},"type":"if","locations":[{"start":{"line":839,"column":2},"end":{"line":842,"column":null}}]},"70":{"loc":{"start":{"line":871,"column":2},"end":{"line":873,"column":null}},"type":"if","locations":[{"start":{"line":871,"column":2},"end":{"line":873,"column":null}}]},"71":{"loc":{"start":{"line":876,"column":19},"end":{"line":876,"column":85}},"type":"binary-expr","locations":[{"start":{"line":876,"column":19},"end":{"line":876,"column":79}},{"start":{"line":876,"column":83},"end":{"line":876,"column":85}}]},"72":{"loc":{"start":{"line":876,"column":19},"end":{"line":876,"column":79}},"type":"cond-expr","locations":[{"start":{"line":876,"column":31},"end":{"line":876,"column":33}},{"start":{"line":876,"column":31},"end":{"line":876,"column":79}}]},"73":{"loc":{"start":{"line":876,"column":19},"end":{"line":876,"column":33}},"type":"binary-expr","locations":[{"start":{"line":876,"column":19},"end":{"line":876,"column":33}},{"start":{"line":876,"column":31},"end":{"line":876,"column":33}}]},"74":{"loc":{"start":{"line":902,"column":21},"end":{"line":902,"column":49}},"type":"binary-expr","locations":[{"start":{"line":902,"column":21},"end":{"line":902,"column":43}},{"start":{"line":902,"column":47},"end":{"line":902,"column":49}}]}},"s":{"0":1,"1":39,"2":3,"3":3,"4":3,"5":3,"6":3,"7":3,"8":3,"9":3,"10":3,"11":0,"12":0,"13":0,"14":3,"15":3,"16":3,"17":3,"18":3,"19":2,"20":2,"21":3,"22":2,"23":2,"24":3,"25":3,"26":3,"27":0,"28":0,"29":0,"30":0,"31":0,"32":0,"33":0,"34":3,"35":2,"36":2,"37":2,"38":2,"39":2,"40":2,"41":0,"42":3,"43":0,"44":0,"45":0,"46":3,"47":0,"48":0,"49":0,"50":3,"51":3,"52":3,"53":3,"54":1,"55":1,"56":1,"57":3,"58":3,"59":3,"60":3,"61":3,"62":3,"63":3,"64":3,"65":3,"66":3,"67":3,"68":0,"69":0,"70":3,"71":3,"72":3,"73":3,"74":0,"75":0,"76":3,"77":3,"78":3,"79":3,"80":3,"81":3,"82":0,"83":0,"84":3,"85":0,"86":0,"87":3,"88":0,"89":0,"90":3,"91":1,"92":1,"93":2,"94":2,"95":2,"96":2,"97":0,"98":0,"99":0,"100":0,"101":0,"102":0,"103":0,"104":0,"105":0,"106":0,"107":0,"108":0,"109":0,"110":0,"111":0,"112":0,"113":0,"114":0,"115":0,"116":2,"117":2,"118":2,"119":0,"120":0,"121":2,"122":0,"123":0,"124":0,"125":2,"126":2,"127":2,"128":2,"129":4,"130":4,"131":4,"132":4,"133":4,"134":4,"135":0,"136":0,"137":0,"138":0,"139":2,"140":2,"141":2,"142":0,"143":0,"144":0,"145":0,"146":53,"147":6,"148":5,"149":3,"150":0,"151":26,"152":1,"153":3,"154":3,"155":2,"156":1,"157":3,"158":1,"159":1,"160":2,"161":10,"162":1,"163":9,"164":11,"165":5,"166":5,"167":5,"168":1,"169":4,"170":4,"171":4,"172":3,"173":1,"174":2,"175":2,"176":4,"177":4,"178":4,"179":4,"180":0,"181":4,"182":4,"183":4,"184":0,"185":26,"186":26,"187":7,"188":8,"189":3,"190":3,"191":1,"192":1,"193":1,"194":1,"195":3,"196":3,"197":3,"198":26,"199":3,"200":3,"201":2,"202":3,"203":3,"204":1,"205":2,"206":2,"207":2,"208":3,"209":2,"210":1,"211":1,"212":2,"213":1,"214":0,"215":1,"216":1,"217":1,"218":1,"219":3,"220":1,"221":2,"222":4,"223":4,"224":4,"225":2,"226":1,"227":1,"228":1,"229":5,"230":4,"231":4,"232":8,"233":1},"f":{"0":39,"1":3,"2":3,"3":3,"4":0,"5":2,"6":53,"7":1,"8":10,"9":11,"10":5,"11":4,"12":3,"13":4,"14":4,"15":4,"16":26,"17":3,"18":2,"19":3,"20":2,"21":3,"22":2,"23":2,"24":3,"25":4,"26":4,"27":1,"28":5,"29":4,"30":8},"b":{"0":[3,0],"1":[3,3],"2":[0],"3":[3,0],"4":[3,3],"5":[0,0],"6":[3],"7":[3,0],"8":[2],"9":[2],"10":[0],"11":[3,0],"12":[3,0],"13":[3,3],"14":[0,0],"15":[2],"16":[3,3,3],"17":[2,0],"18":[0],"19":[3,1,0],"20":[0],"21":[3,1,0],"22":[1],"23":[0,3],"24":[3,1],"25":[0],"26":[0],"27":[0],"28":[3,3],"29":[1],"30":[0],"31":[0],"32":[0,0,0],"33":[0],"34":[0,0,0],"35":[0],"36":[0],"37":[2,2],"38":[0,0],"39":[0,0],"40":[0,0],"41":[6,5,2,3,0,26,1,3,3,2,1,3],"42":[1],"43":[2,1],"44":[1],"45":[5,0],"46":[0,5],"47":[5,5],"48":[1],"49":[1],"50":[2,2],"51":[0],"52":[4],"53":[26,0],"54":[7],"55":[3,1,1,3],"56":[3,1],"57":[1,2],"58":[3,3],"59":[3,2],"60":[2,1],"61":[3,3],"62":[3,1,1],"63":[1,2],"64":[3,3],"65":[2,0],"66":[1],"67":[1],"68":[0],"69":[1],"70":[1],"71":[4,0],"72":[0,4],"73":[4,4],"74":[1,0]}}
,"/home/runner/work/obsidian-granola/obsidian-granola/src/settings.ts": {"path":"/home/runner/work/obsidian-granola/obsidian-granola/src/settings.ts","statementMap":{"0":{"start":{"line":1,"column":0},"end":{"line":1,"column":66}},"1":{"start":{"line":7,"column":0},"end":{"line":7,"column":null}},"2":{"start":{"line":8,"column":1},"end":{"line":8,"column":null}},"3":{"start":{"line":9,"column":1},"end":{"line":9,"column":null}},"4":{"start":{"line":10,"column":1},"end":{"line":10,"column":null}},"5":{"start":{"line":11,"column":1},"end":{"line":11,"column":null}},"6":{"start":{"line":17,"column":0},"end":{"line":17,"column":null}},"7":{"start":{"line":19,"column":1},"end":{"line":19,"column":null}},"8":{"start":{"line":21,"column":1},"end":{"line":21,"column":null}},"9":{"start":{"line":23,"column":1},"end":{"line":23,"column":null}},"10":{"start":{"line":29,"column":0},"end":{"line":29,"column":null}},"11":{"start":{"line":31,"column":1},"end":{"line":31,"column":null}},"12":{"start":{"line":33,"column":1},"end":{"line":33,"column":null}},"13":{"start":{"line":35,"column":1},"end":{"line":35,"column":null}},"14":{"start":{"line":37,"column":1},"end":{"line":37,"column":null}},"15":{"start":{"line":39,"column":1},"end":{"line":39,"column":null}},"16":{"start":{"line":45,"column":0},"end":{"line":45,"column":null}},"17":{"start":{"line":47,"column":1},"end":{"line":47,"column":null}},"18":{"start":{"line":49,"column":1},"end":{"line":49,"column":null}},"19":{"start":{"line":51,"column":1},"end":{"line":51,"column":null}},"20":{"start":{"line":53,"column":1},"end":{"line":53,"column":null}},"21":{"start":{"line":118,"column":13},"end":{"line":146,"column":2}},"22":{"start":{"line":155,"column":2},"end":{"line":155,"column":27}},"23":{"start":{"line":162,"column":2},"end":{"line":162,"column":27}},"24":{"start":{"line":169,"column":2},"end":{"line":171,"column":null}},"25":{"start":{"line":170,"column":3},"end":{"line":170,"column":59}},"26":{"start":{"line":178,"column":2},"end":{"line":180,"column":null}},"27":{"start":{"line":179,"column":3},"end":{"line":179,"column":58}},"28":{"start":{"line":187,"column":2},"end":{"line":189,"column":null}},"29":{"start":{"line":188,"column":3},"end":{"line":188,"column":58}},"30":{"start":{"line":196,"column":2},"end":{"line":198,"column":null}},"31":{"start":{"line":197,"column":3},"end":{"line":197,"column":63}},"32":{"start":{"line":151,"column":0},"end":{"line":151,"column":13}},"33":{"start":{"line":209,"column":2},"end":{"line":209,"column":21}},"34":{"start":{"line":210,"column":2},"end":{"line":210,"column":23}},"35":{"start":{"line":214,"column":26},"end":{"line":214,"column":30}},"36":{"start":{"line":215,"column":2},"end":{"line":215,"column":22}},"37":{"start":{"line":217,"column":2},"end":{"line":217,"column":68}},"38":{"start":{"line":220,"column":2},"end":{"line":220,"column":30}},"39":{"start":{"line":223,"column":2},"end":{"line":223,"column":25}},"40":{"start":{"line":226,"column":2},"end":{"line":226,"column":26}},"41":{"start":{"line":229,"column":2},"end":{"line":229,"column":27}},"42":{"start":{"line":232,"column":2},"end":{"line":232,"column":22}},"43":{"start":{"line":239,"column":26},"end":{"line":239,"column":30}},"44":{"start":{"line":241,"column":2},"end":{"line":241,"column":66}},"45":{"start":{"line":244,"column":19},"end":{"line":244,"column":61}},"46":{"start":{"line":245,"column":2},"end":{"line":245,"column":40}},"47":{"start":{"line":248,"column":2},"end":{"line":258,"column":6}},"48":{"start":{"line":252,"column":4},"end":{"line":257,"column":8}},"49":{"start":{"line":255,"column":25},"end":{"line":257,"column":7}},"50":{"start":{"line":256,"column":6},"end":{"line":256,"column":46}},"51":{"start":{"line":261,"column":2},"end":{"line":273,"column":6}},"52":{"start":{"line":265,"column":4},"end":{"line":272,"column":8}},"53":{"start":{"line":269,"column":29},"end":{"line":272,"column":7}},"54":{"start":{"line":270,"column":6},"end":{"line":270,"column":63}},"55":{"start":{"line":271,"column":6},"end":{"line":271,"column":39}},"56":{"start":{"line":280,"column":26},"end":{"line":280,"column":30}},"57":{"start":{"line":282,"column":2},"end":{"line":282,"column":58}},"58":{"start":{"line":285,"column":2},"end":{"line":296,"column":6}},"59":{"start":{"line":291,"column":4},"end":{"line":295,"column":7}},"60":{"start":{"line":291,"column":79},"end":{"line":295,"column":6}},"61":{"start":{"line":292,"column":5},"end":{"line":292,"column":48}},"62":{"start":{"line":293,"column":5},"end":{"line":293,"column":61}},"63":{"start":{"line":294,"column":5},"end":{"line":294,"column":38}},"64":{"start":{"line":299,"column":2},"end":{"line":314,"column":6}},"65":{"start":{"line":303,"column":4},"end":{"line":313,"column":8}},"66":{"start":{"line":309,"column":29},"end":{"line":313,"column":7}},"67":{"start":{"line":310,"column":6},"end":{"line":310,"column":72}},"68":{"start":{"line":311,"column":6},"end":{"line":311,"column":62}},"69":{"start":{"line":312,"column":6},"end":{"line":312,"column":39}},"70":{"start":{"line":321,"column":26},"end":{"line":321,"column":30}},"71":{"start":{"line":323,"column":2},"end":{"line":323,"column":58}},"72":{"start":{"line":326,"column":2},"end":{"line":339,"column":6}},"73":{"start":{"line":330,"column":4},"end":{"line":338,"column":8}},"74":{"start":{"line":335,"column":29},"end":{"line":338,"column":7}},"75":{"start":{"line":336,"column":6},"end":{"line":336,"column":69}},"76":{"start":{"line":337,"column":6},"end":{"line":337,"column":39}},"77":{"start":{"line":342,"column":2},"end":{"line":354,"column":6}},"78":{"start":{"line":348,"column":4},"end":{"line":353,"column":8}},"79":{"start":{"line":350,"column":29},"end":{"line":353,"column":7}},"80":{"start":{"line":351,"column":6},"end":{"line":351,"column":56}},"81":{"start":{"line":352,"column":6},"end":{"line":352,"column":39}},"82":{"start":{"line":357,"column":2},"end":{"line":365,"column":6}},"83":{"start":{"line":361,"column":4},"end":{"line":364,"column":7}},"84":{"start":{"line":361,"column":86},"end":{"line":364,"column":6}},"85":{"start":{"line":362,"column":5},"end":{"line":362,"column":55}},"86":{"start":{"line":363,"column":5},"end":{"line":363,"column":38}},"87":{"start":{"line":372,"column":26},"end":{"line":372,"column":30}},"88":{"start":{"line":374,"column":2},"end":{"line":374,"column":61}},"89":{"start":{"line":377,"column":2},"end":{"line":394,"column":6}},"90":{"start":{"line":383,"column":4},"end":{"line":393,"column":8}},"91":{"start":{"line":390,"column":29},"end":{"line":393,"column":7}},"92":{"start":{"line":391,"column":6},"end":{"line":391,"column":80}},"93":{"start":{"line":392,"column":6},"end":{"line":392,"column":39}},"94":{"start":{"line":397,"column":2},"end":{"line":411,"column":6}},"95":{"start":{"line":401,"column":4},"end":{"line":410,"column":8}},"96":{"start":{"line":407,"column":29},"end":{"line":410,"column":7}},"97":{"start":{"line":408,"column":6},"end":{"line":408,"column":78}},"98":{"start":{"line":409,"column":6},"end":{"line":409,"column":39}},"99":{"start":{"line":414,"column":2},"end":{"line":426,"column":6}},"100":{"start":{"line":418,"column":4},"end":{"line":425,"column":8}},"101":{"start":{"line":422,"column":29},"end":{"line":425,"column":7}},"102":{"start":{"line":423,"column":6},"end":{"line":423,"column":60}},"103":{"start":{"line":424,"column":6},"end":{"line":424,"column":39}},"104":{"start":{"line":433,"column":26},"end":{"line":433,"column":30}},"105":{"start":{"line":435,"column":2},"end":{"line":435,"column":57}},"106":{"start":{"line":438,"column":2},"end":{"line":446,"column":6}},"107":{"start":{"line":442,"column":4},"end":{"line":445,"column":7}},"108":{"start":{"line":442,"column":83},"end":{"line":445,"column":6}},"109":{"start":{"line":443,"column":5},"end":{"line":443,"column":52}},"110":{"start":{"line":444,"column":5},"end":{"line":444,"column":38}},"111":{"start":{"line":449,"column":2},"end":{"line":459,"column":6}},"112":{"start":{"line":453,"column":4},"end":{"line":458,"column":8}},"113":{"start":{"line":455,"column":29},"end":{"line":458,"column":7}},"114":{"start":{"line":456,"column":6},"end":{"line":456,"column":64}},"115":{"start":{"line":457,"column":6},"end":{"line":457,"column":39}},"116":{"start":{"line":462,"column":2},"end":{"line":472,"column":6}},"117":{"start":{"line":466,"column":4},"end":{"line":471,"column":8}},"118":{"start":{"line":468,"column":29},"end":{"line":471,"column":7}},"119":{"start":{"line":469,"column":6},"end":{"line":469,"column":57}},"120":{"start":{"line":470,"column":6},"end":{"line":470,"column":39}},"121":{"start":{"line":479,"column":2},"end":{"line":479,"column":86}},"122":{"start":{"line":481,"column":2},"end":{"line":507,"column":null}},"123":{"start":{"line":483,"column":16},"end":{"line":483,"column":32}},"124":{"start":{"line":484,"column":3},"end":{"line":484,"column":32}},"125":{"start":{"line":487,"column":20},"end":{"line":487,"column":79}},"126":{"start":{"line":489,"column":3},"end":{"line":499,"column":null}},"127":{"start":{"line":490,"column":4},"end":{"line":490,"column":55}},"128":{"start":{"line":491,"column":4},"end":{"line":491,"column":63}},"129":{"start":{"line":492,"column":4},"end":{"line":492,"column":37}},"130":{"start":{"line":494,"column":4},"end":{"line":495,"column":68}},"131":{"start":{"line":496,"column":4},"end":{"line":496,"column":62}},"132":{"start":{"line":498,"column":4},"end":{"line":498,"column":47}},"133":{"start":{"line":501,"column":3},"end":{"line":501,"column":55}},"134":{"start":{"line":502,"column":3},"end":{"line":502,"column":36}},"135":{"start":{"line":504,"column":24},"end":{"line":504,"column":80}},"136":{"start":{"line":505,"column":3},"end":{"line":505,"column":79}},"137":{"start":{"line":506,"column":3},"end":{"line":506,"column":65}},"138":{"start":{"line":514,"column":41},"end":{"line":514,"column":72}},"139":{"start":{"line":516,"column":2},"end":{"line":521,"column":null}},"140":{"start":{"line":517,"column":21},"end":{"line":517,"column":61}},"141":{"start":{"line":518,"column":3},"end":{"line":518,"column":102}},"142":{"start":{"line":520,"column":3},"end":{"line":520,"column":84}},"143":{"start":{"line":205,"column":0},"end":{"line":205,"column":13}}},"fnMap":{"0":{"name":"(anonymous_0)","decl":{"start":{"line":7,"column":0},"end":{"line":7,"column":12}},"loc":{"start":{"line":7,"column":20},"end":{"line":12,"column":1}}},"1":{"name":"(anonymous_1)","decl":{"start":{"line":17,"column":0},"end":{"line":17,"column":12}},"loc":{"start":{"line":17,"column":26},"end":{"line":24,"column":1}}},"2":{"name":"(anonymous_2)","decl":{"start":{"line":29,"column":0},"end":{"line":29,"column":12}},"loc":{"start":{"line":29,"column":28},"end":{"line":40,"column":1}}},"3":{"name":"(anonymous_3)","decl":{"start":{"line":45,"column":0},"end":{"line":45,"column":12}},"loc":{"start":{"line":45,"column":27},"end":{"line":54,"column":1}}},"4":{"name":"(anonymous_4)","decl":{"start":{"line":154,"column":1},"end":{"line":154,"column":13}},"loc":{"start":{"line":154,"column":38},"end":{"line":156,"column":2}}},"5":{"name":"(anonymous_5)","decl":{"start":{"line":161,"column":1},"end":{"line":161,"column":15}},"loc":{"start":{"line":161,"column":41},"end":{"line":163,"column":2}}},"6":{"name":"(anonymous_6)","decl":{"start":{"line":168,"column":1},"end":{"line":168,"column":6}},"loc":{"start":{"line":168,"column":38},"end":{"line":172,"column":2}}},"7":{"name":"(anonymous_7)","decl":{"start":{"line":177,"column":1},"end":{"line":177,"column":5}},"loc":{"start":{"line":177,"column":37},"end":{"line":181,"column":2}}},"8":{"name":"(anonymous_8)","decl":{"start":{"line":186,"column":1},"end":{"line":186,"column":5}},"loc":{"start":{"line":186,"column":37},"end":{"line":190,"column":2}}},"9":{"name":"(anonymous_9)","decl":{"start":{"line":195,"column":1},"end":{"line":195,"column":6}},"loc":{"start":{"line":195,"column":38},"end":{"line":199,"column":2}}},"10":{"name":"(anonymous_10)","decl":{"start":{"line":208,"column":1},"end":{"line":208,"column":13}},"loc":{"start":{"line":208,"column":52},"end":{"line":211,"column":2}}},"11":{"name":"(anonymous_11)","decl":{"start":{"line":213,"column":1},"end":{"line":213,"column":8}},"loc":{"start":{"line":213,"column":8},"end":{"line":233,"column":2}}},"12":{"name":"(anonymous_12)","decl":{"start":{"line":238,"column":9},"end":{"line":238,"column":29}},"loc":{"start":{"line":238,"column":29},"end":{"line":274,"column":2}}},"13":{"name":"(anonymous_13)","decl":{"start":{"line":251,"column":14},"end":{"line":251,"column":20}},"loc":{"start":{"line":251,"column":23},"end":{"line":258,"column":4}}},"14":{"name":"(anonymous_14)","decl":{"start":{"line":255,"column":14},"end":{"line":255,"column":23}},"loc":{"start":{"line":255,"column":25},"end":{"line":257,"column":7}}},"15":{"name":"(anonymous_15)","decl":{"start":{"line":255,"column":25},"end":{"line":255,"column":null}},"loc":{"start":{"line":255,"column":25},"end":{"line":257,"column":6}}},"16":{"name":"(anonymous_16)","decl":{"start":{"line":264,"column":14},"end":{"line":264,"column":20}},"loc":{"start":{"line":264,"column":23},"end":{"line":273,"column":4}}},"17":{"name":"(anonymous_17)","decl":{"start":{"line":269,"column":15},"end":{"line":269,"column":21}},"loc":{"start":{"line":269,"column":29},"end":{"line":272,"column":7}}},"18":{"name":"(anonymous_18)","decl":{"start":{"line":269,"column":29},"end":{"line":269,"column":null}},"loc":{"start":{"line":269,"column":29},"end":{"line":272,"column":6}}},"19":{"name":"(anonymous_19)","decl":{"start":{"line":279,"column":9},"end":{"line":279,"column":24}},"loc":{"start":{"line":279,"column":24},"end":{"line":315,"column":2}}},"20":{"name":"(anonymous_20)","decl":{"start":{"line":290,"column":14},"end":{"line":290,"column":20}},"loc":{"start":{"line":290,"column":23},"end":{"line":296,"column":4}}},"21":{"name":"(anonymous_21)","decl":{"start":{"line":291,"column":65},"end":{"line":291,"column":71}},"loc":{"start":{"line":291,"column":79},"end":{"line":295,"column":6}}},"22":{"name":"(anonymous_22)","decl":{"start":{"line":291,"column":79},"end":{"line":291,"column":null}},"loc":{"start":{"line":291,"column":79},"end":{"line":295,"column":5}}},"23":{"name":"(anonymous_23)","decl":{"start":{"line":302,"column":16},"end":{"line":302,"column":24}},"loc":{"start":{"line":302,"column":27},"end":{"line":314,"column":4}}},"24":{"name":"(anonymous_24)","decl":{"start":{"line":309,"column":15},"end":{"line":309,"column":21}},"loc":{"start":{"line":309,"column":29},"end":{"line":313,"column":7}}},"25":{"name":"(anonymous_25)","decl":{"start":{"line":309,"column":29},"end":{"line":309,"column":null}},"loc":{"start":{"line":309,"column":29},"end":{"line":313,"column":6}}},"26":{"name":"(anonymous_26)","decl":{"start":{"line":320,"column":9},"end":{"line":320,"column":25}},"loc":{"start":{"line":320,"column":25},"end":{"line":366,"column":2}}},"27":{"name":"(anonymous_27)","decl":{"start":{"line":329,"column":16},"end":{"line":329,"column":24}},"loc":{"start":{"line":329,"column":27},"end":{"line":339,"column":4}}},"28":{"name":"(anonymous_28)","decl":{"start":{"line":335,"column":15},"end":{"line":335,"column":21}},"loc":{"start":{"line":335,"column":29},"end":{"line":338,"column":7}}},"29":{"name":"(anonymous_29)","decl":{"start":{"line":335,"column":29},"end":{"line":335,"column":null}},"loc":{"start":{"line":335,"column":29},"end":{"line":338,"column":6}}},"30":{"name":"(anonymous_30)","decl":{"start":{"line":347,"column":12},"end":{"line":347,"column":16}},"loc":{"start":{"line":347,"column":19},"end":{"line":354,"column":4}}},"31":{"name":"(anonymous_31)","decl":{"start":{"line":350,"column":15},"end":{"line":350,"column":21}},"loc":{"start":{"line":350,"column":29},"end":{"line":353,"column":7}}},"32":{"name":"(anonymous_32)","decl":{"start":{"line":350,"column":29},"end":{"line":350,"column":null}},"loc":{"start":{"line":350,"column":29},"end":{"line":353,"column":6}}},"33":{"name":"(anonymous_33)","decl":{"start":{"line":360,"column":14},"end":{"line":360,"column":20}},"loc":{"start":{"line":360,"column":23},"end":{"line":365,"column":4}}},"34":{"name":"(anonymous_34)","decl":{"start":{"line":361,"column":72},"end":{"line":361,"column":78}},"loc":{"start":{"line":361,"column":86},"end":{"line":364,"column":6}}},"35":{"name":"(anonymous_35)","decl":{"start":{"line":361,"column":86},"end":{"line":361,"column":null}},"loc":{"start":{"line":361,"column":86},"end":{"line":364,"column":5}}},"36":{"name":"(anonymous_36)","decl":{"start":{"line":371,"column":9},"end":{"line":371,"column":26}},"loc":{"start":{"line":371,"column":26},"end":{"line":427,"column":2}}},"37":{"name":"(anonymous_37)","decl":{"start":{"line":382,"column":16},"end":{"line":382,"column":24}},"loc":{"start":{"line":382,"column":27},"end":{"line":394,"column":4}}},"38":{"name":"(anonymous_38)","decl":{"start":{"line":390,"column":15},"end":{"line":390,"column":21}},"loc":{"start":{"line":390,"column":29},"end":{"line":393,"column":7}}},"39":{"name":"(anonymous_39)","decl":{"start":{"line":390,"column":29},"end":{"line":390,"column":null}},"loc":{"start":{"line":390,"column":29},"end":{"line":393,"column":6}}},"40":{"name":"(anonymous_40)","decl":{"start":{"line":400,"column":16},"end":{"line":400,"column":24}},"loc":{"start":{"line":400,"column":27},"end":{"line":411,"column":4}}},"41":{"name":"(anonymous_41)","decl":{"start":{"line":407,"column":15},"end":{"line":407,"column":21}},"loc":{"start":{"line":407,"column":29},"end":{"line":410,"column":7}}},"42":{"name":"(anonymous_42)","decl":{"start":{"line":407,"column":29},"end":{"line":407,"column":null}},"loc":{"start":{"line":407,"column":29},"end":{"line":410,"column":6}}},"43":{"name":"(anonymous_43)","decl":{"start":{"line":417,"column":14},"end":{"line":417,"column":20}},"loc":{"start":{"line":417,"column":23},"end":{"line":426,"column":4}}},"44":{"name":"(anonymous_44)","decl":{"start":{"line":422,"column":15},"end":{"line":422,"column":21}},"loc":{"start":{"line":422,"column":29},"end":{"line":425,"column":7}}},"45":{"name":"(anonymous_45)","decl":{"start":{"line":422,"column":29},"end":{"line":422,"column":null}},"loc":{"start":{"line":422,"column":29},"end":{"line":425,"column":6}}},"46":{"name":"(anonymous_46)","decl":{"start":{"line":432,"column":9},"end":{"line":432,"column":21}},"loc":{"start":{"line":432,"column":21},"end":{"line":473,"column":2}}},"47":{"name":"(anonymous_47)","decl":{"start":{"line":441,"column":14},"end":{"line":441,"column":20}},"loc":{"start":{"line":441,"column":23},"end":{"line":446,"column":4}}},"48":{"name":"(anonymous_48)","decl":{"start":{"line":442,"column":69},"end":{"line":442,"column":75}},"loc":{"start":{"line":442,"column":83},"end":{"line":445,"column":6}}},"49":{"name":"(anonymous_49)","decl":{"start":{"lin
[...]
start":{"line":603,"column":2},"end":{"line":603,"column":28}},"195":{"start":{"line":612,"column":2},"end":{"line":616,"column":5}},"196":{"start":{"line":613,"column":3},"end":{"line":615,"column":null}},"197":{"start":{"line":614,"column":4},"end":{"line":614,"column":24}},"198":{"start":{"line":617,"column":2},"end":{"line":617,"column":28}},"199":{"start":{"line":618,"column":2},"end":{"line":618,"column":29}},"200":{"start":{"line":627,"column":2},"end":{"line":629,"column":5}},"201":{"start":{"line":628,"column":3},"end":{"line":628,"column":24}},"202":{"start":{"line":630,"column":2},"end":{"line":630,"column":28}},"203":{"start":{"line":631,"column":2},"end":{"line":631,"column":29}},"204":{"start":{"line":640,"column":24},"end":{"line":640,"column":80}},"205":{"start":{"line":640,"column":60},"end":{"line":640,"column":72}},"206":{"start":{"line":641,"column":2},"end":{"line":641,"column":72}},"207":{"start":{"line":642,"column":2},"end":{"line":642,"column":73}},"208":{"start":{"line":652,"column":2},"end":{"line":652,"column":27}},"209":{"start":{"line":653,"column":2},"end":{"line":653,"column":43}},"210":{"start":{"line":663,"column":2},"end":{"line":663,"column":31}},"211":{"start":{"line":664,"column":2},"end":{"line":664,"column":29}},"212":{"start":{"line":674,"column":2},"end":{"line":674,"column":30}},"213":{"start":{"line":675,"column":20},"end":{"line":675,"column":60}},"214":{"start":{"line":676,"column":2},"end":{"line":676,"column":34}},"215":{"start":{"line":686,"column":2},"end":{"line":686,"column":30}},"216":{"start":{"line":687,"column":18},"end":{"line":687,"column":64}},"217":{"start":{"line":688,"column":2},"end":{"line":688,"column":32}},"218":{"start":{"line":699,"column":2},"end":{"line":710,"column":null}},"219":{"start":{"line":701,"column":4},"end":{"line":701,"column":17}},"220":{"start":{"line":703,"column":4},"end":{"line":703,"column":20}},"221":{"start":{"line":705,"column":4},"end":{"line":705,"column":21}},"222":{"start":{"line":707,"column":4},"end":{"line":707,"column":22}},"223":{"start":{"line":709,"column":4},"end":{"line":709,"column":18}},"224":{"start":{"line":720,"column":2},"end":{"line":720,"column":48}},"225":{"start":{"line":723,"column":16},"end":{"line":723,"column":47}},"226":{"start":{"line":724,"column":2},"end":{"line":886,"column":4}},"227":{"start":{"line":887,"column":2},"end":{"line":887,"column":35}},"228":{"start":{"line":897,"column":25},"end":{"line":897,"column":64}},"229":{"start":{"line":898,"column":2},"end":{"line":902,"column":5}},"230":{"start":{"line":899,"column":3},"end":{"line":901,"column":null}},"231":{"start":{"line":900,"column":4},"end":{"line":900,"column":19}},"232":{"start":{"line":30,"column":0},"end":{"line":30,"column":13}}},"fnMap":{"0":{"name":"(anonymous_0)","decl":{"start":{"line":74,"column":1},"end":{"line":74,"column":null}},"loc":{"start":{"line":80,"column":33},"end":{"line":88,"column":2}}},"1":{"name":"(anonymous_1)","decl":{"start":{"line":94,"column":7},"end":{"line":94,"column":13}},"loc":{"start":{"line":94,"column":13},"end":{"line":98,"column":null}}},"2":{"name":"(anonymous_3)","decl":{"start":{"line":104,"column":1},"end":{"line":104,"column":8}},"loc":{"start":{"line":104,"column":8},"end":{"line":109,"column":2}}},"3":{"name":"(anonymous_4)","decl":{"start":{"line":116,"column":9},"end":{"line":116,"column":16}},"loc":{"start":{"line":116,"column":16},"end":{"line":145,"column":2}}},"4":{"name":"(anonymous_5)","decl":{"start":{"line":152,"column":9},"end":{"line":152,"column":22}},"loc":{"start":{"line":152,"column":22},"end":{"line":185,"column":2}}},"5":{"name":"(anonymous_6)","decl":{"start":{"line":158,"column":12},"end":{"line":158,"column":15}},"loc":{"start":{"line":158,"column":18},"end":{"line":158,"column":34}}},"6":{"name":"(anonymous_7)","decl":{"start":{"line":163,"column":12},"end":{"line":163,"column":15}},"loc":{"start":{"line":163,"column":18},"end":{"line":163,"column":35}}},"7":{"name":"(anonymous_8)","decl":{"start":{"line":168,"column":12},"end":{"line":168,"column":15}},"loc":{"start":{"line":168,"column":18},"end":{"line":168,"column":41}}},"8":{"name":"(anonymous_9)","decl":{"start":{"line":181,"column":42},"end":{"line":181,"column":43}},"loc":{"start":{"line":181,"column":46},"end":{"line":184,"column":3}}},"9":{"name":"(anonymous_10)","decl":{"start":{"line":192,"column":9},"end":{"line":192,"column":20}},"loc":{"start":{"line":192,"column":20},"end":{"line":199,"column":2}}},"10":{"name":"(anonymous_11)","decl":{"start":{"line":198,"column":13},"end":{"line":198,"column":18}},"loc":{"start":{"line":198,"column":22},"end":{"line":198,"column":49}}},"11":{"name":"(anonymous_12)","decl":{"start":{"line":206,"column":9},"end":{"line":206,"column":20}},"loc":{"start":{"line":206,"column":20},"end":{"line":222,"column":2}}},"12":{"name":"(anonymous_13)","decl":{"start":{"line":212,"column":12},"end":{"line":212,"column":15}},"loc":{"start":{"line":212,"column":18},"end":{"line":212,"column":30}}},"13":{"name":"(anonymous_14)","decl":{"start":{"line":218,"column":12},"end":{"line":218,"column":15}},"loc":{"start":{"line":218,"column":18},"end":{"line":218,"column":36}}},"14":{"name":"(anonymous_15)","decl":{"start":{"line":230,"column":15},"end":{"line":230,"column":28}},"loc":{"start":{"line":230,"column":28},"end":{"line":276,"column":null}}},"15":{"name":"(anonymous_17)","decl":{"start":{"line":284,"column":15},"end":{"line":284,"column":31}},"loc":{"start":{"line":284,"column":31},"end":{"line":287,"column":null}}},"16":{"name":"(anonymous_19)","decl":{"start":{"line":294,"column":9},"end":{"line":294,"column":27}},"loc":{"start":{"line":294,"column":27},"end":{"line":327,"column":2}}},"17":{"name":"(anonymous_20)","decl":{"start":{"line":308,"column":51},"end":{"line":308,"column":54}},"loc":{"start":{"line":308,"column":58},"end":{"line":308,"column":69}}},"18":{"name":"(anonymous_21)","decl":{"start":{"line":324,"column":27},"end":{"line":324,"column":30}},"loc":{"start":{"line":324,"column":33},"end":{"line":326,"column":3}}},"19":{"name":"(anonymous_22)","decl":{"start":{"line":336,"column":9},"end":{"line":336,"column":27}},"loc":{"start":{"line":336,"column":80},"end":{"line":396,"column":2}}},"20":{"name":"(anonymous_23)","decl":{"start":{"line":346,"column":38},"end":{"line":346,"column":41}},"loc":{"start":{"line":346,"column":43},"end":{"line":349,"column":3}}},"21":{"name":"(anonymous_24)","decl":{"start":{"line":404,"column":15},"end":{"line":404,"column":26}},"loc":{"start":{"line":404,"column":26},"end":{"line":439,"column":null}}},"22":{"name":"(anonymous_26)","decl":{"start":{"line":405,"column":52},"end":{"line":405,"column":55}},"loc":{"start":{"line":405,"column":59},"end":{"line":405,"column":71}}},"23":{"name":"(anonymous_27)","decl":{"start":{"line":422,"column":16},"end":{"line":422,"column":24}},"loc":{"start":{"line":422,"column":28},"end":{"line":422,"column":57}}},"24":{"name":"(anonymous_28)","decl":{"start":{"line":423,"column":24},"end":{"line":423,"column":35}},"loc":{"start":{"line":423,"column":39},"end":{"line":423,"column":79}}},"25":{"name":"(anonymous_29)","decl":{"start":{"line":446,"column":9},"end":{"line":446,"column":25}},"loc":{"start":{"line":446,"column":25},"end":{"line":470,"column":2}}},"26":{"name":"(anonymous_30)","decl":{"start":{"line":467,"column":12},"end":{"line":467,"column":15}},"loc":{"start":{"line":467,"column":17},"end":{"line":469,"column":4}}},"27":{"name":"(anonymous_31)","decl":{"start":{"line":478,"column":9},"end":{"line":478,"column":23}},"loc":{"start":{"line":478,"column":48},"end":{"line":489,"column":2}}},"28":{"name":"(anonymous_32)","decl":{"start":{"line":497,"column":9},"end":{"line":497,"column":31}},"loc":{"start":{"line":497,"column":61},"end":{"line":500,"column":2}}},"29":{"name":"(anonymous_33)","decl":{"start":{"line":508,"column":9},"end":{"line":508,"column":27}},"loc":{"start":{"line":508,"column":50},"end":{"line":551,"column":2}}},"30":{"name":"(anonymous_34)","decl":{"start":{"line":529,"column":11},"end":{"line":529,"column":19}},"loc":{"start":{"line":529,"column":23},"end":{"line":529,"column":71}}},"31":{"name":"(anonymous_35)","decl":{"start":{"line":530,"column":8},"end":{"line":530,"column":16}},"loc":{"start":{"line":530,"column":20},"end":{"line":530,"column":34}}},"32":{"name":"(anonymous_36)","decl":{"start":{"line":531,"column":11},"end":{"line":531,"column":15}},"loc":{"start":{"line":531,"column":19},"end":{"line":531,"column":37}}},"33":{"name":"(anonymous_37)","decl":{"start":{"line":541,"column":13},"end":{"line":541,"column":16}},"loc":{"start":{"line":541,"column":18},"end":{"line":544,"column":5}}},"34":{"name":"(anonymous_38)","decl":{"start":{"line":550,"column":12},"end":{"line":550,"column":15}},"loc":{"start":{"line":550,"column":18},"end":{"line":550,"column":30}}},"35":{"name":"(anonymous_39)","decl":{"start":{"line":559,"column":15},"end":{"line":559,"column":32}},"loc":{"start":{"line":559,"column":47},"end":{"line":582,"column":null}}},"36":{"name":"(anonymous_41)","decl":{"start":{"line":572,"column":11},"end":{"line":572,"column":15}},"loc":{"start":{"line":572,"column":20},"end":{"line":572,"column":55}}},"37":{"name":"(anonymous_42)","decl":{"start":{"line":590,"column":9},"end":{"line":590,"column":24}},"loc":{"start":{"line":590,"column":43},"end":{"line":593,"column":2}}},"38":{"name":"(anonymous_43)","decl":{"start":{"line":601,"column":9},"end":{"line":601,"column":26}},"loc":{"start":{"line":601,"column":41},"end":{"line":604,"column":2}}},"39":{"name":"(anonymous_44)","decl":{"start":{"line":611,"column":9},"end":{"line":611,"column":18}},"loc":{"start":{"line":611,"column":18},"end":{"line":619,"column":2}}},"40":{"name":"(anonymous_45)","decl":{"start":{"line":612,"column":32},"end":{"line":612,"column":35}},"loc":{"start":{"line":612,"column":38},"end":{"line":616,"column":3}}},"41":{"name":"(anonymous_46)","decl":{"start":{"line":626,"column":9},"end":{"line":626,"column":19}},"loc":{"start":{"line":626,"column":19},"end":{"line":632,"column":2}}},"42":{"name":"(anonymous_47)","decl":{"start":{"line":627,"column":32},"end":{"line":627,"column":35}},"loc":{"start":{"line":627,"column":38},"end":{"line":629,"column":3}}},"43":{"name":"(anonymous_48)","decl":{"start":{"line":639,"column":9},"end":{"line":639,"column":28}},"loc":{"start":{"line":639,"column":28},"end":{"line":643,"column":2}}},"44":{"name":"(anonymous_49)","decl":{"start":{"line":640,"column":53},"end":{"line":640,"column":56}},"loc":{"start":{"line":640,"column":60},"end":{"line":640,"column":72}}},"45":{"name":"(anonymous_50)","decl":{"start":{"line":651,"column":9},"end":{"line":651,"column":19}},"loc":{"start":{"line":651,"column":36},"end":{"line":654,"column":2}}},"46":{"name":"(anonymous_51)","decl":{"start":{"line":662,"column":9},"end":{"line":662,"column":21}},"loc":{"start":{"line":662,"column":40},"end":{"line":665,"column":2}}},"47":{"name":"(anonymous_52)","decl":{"start":{"line":673,"column":9},"end":{"line":673,"column":20}},"loc":{"start":{"line":673,"column":36},"end":{"line":677,"column":2}}},"48":{"name":"(anonymous_53)","decl":{"start":{"line":685,"column":9},"end":{"line":685,"column":18}},"loc":{"start":{"line":685,"column":34},"end":{"line":689,"column":2}}},"49":{"name":"(anonymous_54)","decl":{"start":{"line":698,"column":9},"end":{"line":698,"column":22}},"loc":{"start":{"line":698,"column":37},"end":{"line":711,"column":2}}},"50":{"name":"(anonymous_55)","decl":{"start":{"line":718,"column":9},"end":{"line":718,"column":20}},"loc":{"start":{"line":718,"column":20},"end":{"line":888,"column":2}}},"51":{"name":"(anonymous_56)","decl":{"start":{"line":895,"column":9},"end":{"line":895,"column":16}},"loc":{"start":{"line":895,"column":16},"end":{"line":903,"column":2}}},"52":{"name":"(anonymous_57)","decl":{"start":{"line":898,"column":25},"end":{"line":898,"column":30}},"loc":{"start":{"line":898,"column":33},"end":{"line":902,"column":3}}}},"branchMap":{"0":{"loc":{"start":{"line":105,"column":2},"end":{"line":107,"column":null}},"type":"if","locations":[{"start":{"line":105,"column":2},"end":{"line":107,"column":null}}]},"1":{"loc":{"start":{"line":231,"column":2},"end":{"line":231,"column":29}},"type":"if","locations":[{"start":{"line":231,"column":2},"end":{"line":231,"column":29}}]},"2":{"loc":{"start":{"line":248,"column":3},"end":{"line":251,"column":null}},"type":"if","locations":[{"start":{"line":248,"column":3},"end":{"line":251,"column":null}}]},"3":{"loc":{"start":{"line":271,"column":19},"end":{"line":271,"column":75}},"type":"cond-expr","locations":[{"start":{"line":271,"column":44},"end":{"line":271,"column":57}},{"start":{"line":271,"column":60},"end":{"line":271,"column":75}}]},"4":{"loc":{"start":{"line":297,"column":2},"end":{"line":300,"column":null}},"type":"if","locations":[{"start":{"line":297,"column":2},"end":{"line":300,"column":null}}]},"5":{"loc":{"start":{"line":310,"column":2},"end":{"line":313,"column":null}},"type":"if","locations":[{"start":{"line":310,"column":2},"end":{"line":313,"column":null}}]},"6":{"loc":{"start":{"line":386,"column":2},"end":{"line":389,"column":null}},"type":"if","locations":[{"start":{"line":386,"column":2},"end":{"line":389,"column":null}}]},"7":{"loc":{"start":{"line":392,"column":2},"end":{"line":395,"column":null}},"type":"if","locations":[{"start":{"line":392,"column":2},"end":{"line":395,"column":null}}]},"8":{"loc":{"start":{"line":407,"column":2},"end":{"line":410,"column":null}},"type":"if","locations":[{"start":{"line":407,"column":2},"end":{"line":410,"column":null}}]},"9":{"loc":{"start":{"line":434,"column":19},"end":{"line":434,"column":75}},"type":"cond-expr","locations":[{"start":{"line":434,"column":44},"end":{"line":434,"column":57}},{"start":{"line":434,"column":60},"end":{"line":434,"column":75}}]},"10":{"loc":{"start":{"line":482,"column":2},"end":{"line":484,"column":null}},"type":"if","locations":[{"start":{"line":482,"column":2},"end":{"line":484,"column":null}}]},"11":{"loc":{"start":{"line":486,"column":2},"end":{"line":488,"column":null}},"type":"if","locations":[{"start":{"line":486,"column":2},"end":{"line":488,"column":null}}]},"12":{"loc":{"start":{"line":519,"column":2},"end":{"line":521,"column":null}},"type":"if","locations":[{"start":{"line":519,"column":2},"end":{"line":521,"column":null}}]},"13":{"loc":{"start":{"line":522,"column":2},"end":{"line":524,"column":null}},"type":"if","locations":[{"start":{"line":522,"column":2},"end":{"line":524,"column":null}}]},"14":{"loc":{"start":{"line":529,"column":23},"end":{"line":529,"column":71}},"type":"binary-expr","locations":[{"start":{"line":529,"column":23},"end":{"line":529,"column":54}},{"start":{"line":529,"column":58},"end":{"line":529,"column":71}}]},"15":{"loc":{"start":{"line":537,"column":2},"end":{"line":545,"column":null}},"type":"if","locations":[{"start":{"line":537,"column":2},"end":{"line":545,"column":null}}]},"16":{"loc":{"start":{"line":569,"column":3},"end":{"line":576,"column":null}},"type":"if","locations":[{"start":{"line":569,"column":3},"end":{"line":576,"column":null}}]},"17":{"loc":{"start":{"line":573,"column":4},"end":{"line":575,"column":null}},"type":"if","locations":[{"start":{"line":573,"column":4},"end":{"line":575,"column":null}}]},"18":{"loc":{"start":{"line":602,"column":36},"end":{"line":602,"column":72}},"type":"cond-expr","locations":[{"start":{"line":602,"column":45},"end":{"line":602,"column":60}},{"start":{"line":602,"column":63},"end":{"line":602,"column":72}}]},"19":{"loc":{"start":{"line":613,"column":3},"end":{"line":615,"column":null}},"type":"if","locations":[{"start":{"line":613,"column":3},"end":{"line":615,"column":null}}]},"20":{"loc":{"start":{"line":642,"column":32},"end":{"line":642,"column":71}},"type":"binary-expr","locations":[{"start":{"line":642,"column":32},"end":{"line":642,"column":51}},{"start":{"line":642,"column":55},"end":{"line":642,"column":71}}]},"21":{"loc":{"start":{"line":653,"column":2},"end":{"line":653,"column":42}},"type":"cond-expr","locations":[{"start":{"line":653,"column":20},"end":{"line":653,"column":22}},{"start":{"line":653,"column":20},"end":{"line":653,"column":42}}]},"22":{"loc":{"start":{"line":653,"column":2},"end":{"line":653,"column":22}},"type":"binary-expr","locations":[{"start":{"line":653,"column":2},"end":{"line":653,"column":22}},{"start":{"line":653,"column":20},"end":{"line":653,"column":22}}]},"23":{"loc":{"start":{"line":699,"column":2},"end":{"line":710,"column":null}},"type":"switch","locations":[{"start":{"line":700,"column":3},"end":{"line":701,"column":17}},{"start":{"line":702,"column":3},"end":{"line":703,"column":20}},{"start":{"line":704,"column":3},"end":{"line":705,"column":21}},{"start":{"line":706,"column":3},"end":{"line":707,"column":22}},{"start":{"line":708,"column":3},"end":{"line":709,"column":18}}]},"24":{"loc":{"start":{"line":899,"column":3},"end":{"line":901,"column":null}},"type":"if","locations":[{"start":{"line":899,"column":3},"end":{"line":901,"column":null}}]},"25":{"loc":{"start":{"line":899,"column":7},"end":{"line":899,"column":59}},"type":"cond-expr","locations":[{"start":{"line":899,"column":24},"end":{"line":899,"column":26}},{"start":{"line":899,"column":24},"end":{"line":899,"column":59}}]},"26":{"loc":{"start":{"line":899,"column":7},"end":{"line":899,"column":26}},"type":"binary-expr","locations":[{"start":{"line":899,"column":7},"end":{"line":899,"column":26}},{"start":{"line":899,"column":24},"end":{"line":899,"column":26}}]}},"s":{"0":0,"1":0,"2":0,"3":0,"4":0,"5":0,"6":0,"7":0,"8":0,"9":0,"10":0,"11":0,"12":0,"13":0,"14":0,"15":0,"16":0,"17":0,"18":0,"19":0,"20":0,"21":0,"22":0,"23":0,"24":0,"25":0,"26":0,"27":0,"28":0,"29":0,"30":0,"31":0,"32":0,"33":0,"34":0,"35":0,"36":0,"37":0,"38":0,"39":0,"40":0,"41":0,"42":0,"43":0,"44":0,"45":0,"46":0,"47":0,"48":0,"49":0,"50":0,"51":0,"52":0,"53":0,"54":0,"55":0,"56":0,"57":0,"58":0,"59":0,"60":0,"61":0,"62":0,"63":0,"64":0,"65":0,"66":0,"67":0,"68":0,"69":0,"70":0,"71":0,"72":0,"73":0,"74":0,"75":0,"76":0,"77":0,"78":0,"79":0,"80":0,"81":0,"82":0,"83":0,"84":0,"85":0,"86":0,"87":0,"88":0,"89":0,"90":0,"91":0,"92":0,"93":0,"94":0,"95":0,"96":0,"97":0,"98":0,"99":0,"100":0,"101":0,"102":0,"103":0,"104":0,"105":0,"106":0,"107":0,"108":0,"109":0,"110":0,"111":0,"112":0,"113":0,"114":0,"115":0,"116":0,"117":0,"118":0,"119":0,"120":0,"121":0,"122":0,"123":0,"124":0,"125":0,"126":0,"127":0,"128":0,"129":0,"130":0,"131":0,"132":0,"133":0,"134":0,"135":0,"136":0,"137":0,"138":0,"139":0,"140":0,"141":0,"142":0,"143":0,"144":0,"145":0,"146":0,"147":0,"148":0,"149":0,"150":0,"151":0,"152":0,"153":0,"154":0,"155":0,"156":0,"157":0,"158":0,"159":0,"160":0,"161":0,"162":0,"163":0,"164":0,"165":0,"166":0,"167":0,"168":0,"169":0,"170":0,"171":0,"172":0,"173":0,"174":0,"175":0,"176":0,"177":0,"178":0,"179":0,"180":0,"181":0,"182":0,"183":0,"184":0,"185":0,"186":0,"187":0,"188":0,"189":0,"190":0,"191":0,"192":0,"193":0,"194":0,"195":0,"196":0,"197":0,"198":0,"199":0,"200":0,"201":0,"202":0,"203":0,"204":0,"205":0,"206":0,"207":0,"208":0,"209":0,"210":0,"211":0,"212":0,"213":0,"214":0,"215":0,"216":0,"217":0,"218":0,"219":0,"220":0,"221":0,"222":0,"223":0,"224":0,"225":0,"226":0,"227":0,"228":0,"229":0,"230":0,"231":0,"232":0},"f":{"0":0,"1":0,"2":0,"3":0,"4":0,"5":0,"6":0,"7":0,"8":0,"9":0,"10":0,"11":0,"12":0,"13":0,"14":0,"15":0,"16":0,"17":0,"18":0,"19":0,"20":0,"21":0,"22":0,"23":0,"24":0,"25":0,"26":0,"27":0,"28":0,"29":0,"30":0,"31":0,"32":0,"33":0,"34":0,"35":0,"36":0,"37":0,"38":0,"39":0,"40":0,"41":0,"42":0,"43":0,"44":0,"45":0,"46":0,"47":0,"48":0,"49":0,"50":0,"51":0,"52":0},"b":{"0":[0],"1":[0],"2":[0],"3":[0,0],"4":[0],"5":[0],"6":[0],"7":[0],"8":[0],"9":[0,0],"10":[0],"11":[0],"12":[0],"13":[0],"14":[0,0],"15":[0],"16":[0],"17":[0],"18":[0,0],"19":[0],"20":[0,0],"21":[0,0],"22":[0,0],"23":[0,0,0,0,0],"24":[0],"25":[0,0],"26":[0,0]}}
}
