TN:
SF:src/api.ts
FN:191,(anonymous_0)
FN:226,(anonymous_1)
FN:250,(anonymous_3)
FN:301,(anonymous_5)
FN:337,(anonymous_7)
FN:394,(anonymous_9)
FN:395,(anonymous_10)
FNF:7
FNH:6
FNDA:20,(anonymous_0)
FNDA:0,(anonymous_1)
FNDA:12,(anonymous_3)
FNDA:5,(anonymous_5)
FNDA:17,(anonymous_7)
FNDA:3,(anonymous_9)
FNDA:3,(anonymous_10)
DA:137,1
DA:138,1
DA:139,1
DA:166,1
DA:168,20
DA:192,20
DA:195,20
DA:196,20
DA:197,20
DA:200,20
DA:202,20
DA:203,0
DA:204,0
DA:205,0
DA:207,0
DA:210,20
DA:214,20
DA:227,0
DA:251,12
DA:253,12
DA:267,11
DA:268,2
DA:269,1
DA:271,1
DA:274,9
DA:302,5
DA:305,5
DA:306,5
DA:308,0
DA:309,0
DA:345,17
DA:348,17
DA:349,29
DA:350,29
DA:352,21
DA:353,6
DA:354,6
DA:355,6
DA:358,15
DA:360,8
DA:361,2
DA:362,2
DA:367,6
DA:368,6
DA:372,0
DA:395,3
LF:46
LH:38
BRDA:202,0,0,0
BRDA:202,0,1,20
BRDA:204,1,0,0
BRDA:204,1,1,0
BRDA:204,2,0,0
BRDA:204,2,1,0
BRDA:204,3,0,0
BRDA:204,3,1,0
BRDA:204,4,0,0
BRDA:204,4,1,0
BRDA:204,5,0,0
BRDA:204,5,1,0
BRDA:204,6,0,0
BRDA:204,6,1,0
BRDA:250,7,0,11
BRDA:251,8,0,11
BRDA:251,9,0,11
BRDA:267,10,0,2
BRDA:268,11,0,1
BRDA:305,12,0,5
BRDA:305,12,1,0
BRDA:305,13,0,5
BRDA:305,13,1,5
BRDA:352,14,0,6
BRDA:352,15,0,21
BRDA:352,15,1,8
BRDA:360,16,0,2
BRDA:361,17,0,1
BRDA:361,17,1,1
BRF:29
BRH:15
end_of_record
TN:
SF:src/auth.ts
FN:110,(anonymous_0)
FN:139,(anonymous_1)
FN:192,(anonymous_3)
FN:231,(anonymous_4)
FN:251,(anonymous_5)
FN:279,(anonymous_6)
FN:303,(anonymous_7)
FN:333,(anonymous_8)
FN:375,(anonymous_10)
FN:399,(anonymous_11)
FNF:10
FNH:10
FNDA:22,(anonymous_0)
FNDA:15,(anonymous_1)
FNDA:18,(anonymous_3)
FNDA:12,(anonymous_4)
FNDA:27,(anonymous_5)
FNDA:2,(anonymous_6)
FNDA:5,(anonymous_7)
FNDA:3,(anonymous_8)
FNDA:1,(anonymous_10)
FNDA:6,(anonymous_11)
DA:1,1
DA:2,1
DA:3,1
DA:6,1
DA:7,1
DA:110,1
DA:116,22
DA:140,15
DA:141,1
DA:144,14
DA:146,14
DA:147,14
DA:148,13
DA:151,12
DA:153,12
DA:157,8
DA:159,8
DA:166,8
DA:168,6
DA:169,6
DA:193,18
DA:194,18
DA:196,18
DA:198,15
DA:200,1
DA:202,1
DA:204,1
DA:232,12
DA:239,12
DA:240,46
DA:241,1
DA:245,11
DA:246,1
DA:250,10
DA:251,27
DA:252,1
DA:256,9
DA:257,1
DA:280,2
DA:281,1
DA:284,1
DA:304,5
DA:305,1
DA:308,4
DA:334,3
DA:335,1
DA:338,2
DA:341,2
DA:354,2
DA:355,2
DA:356,2
DA:376,1
DA:400,6
LF:53
LH:53
BRDA:140,0,0,1
BRDA:168,1,0,6
BRDA:168,1,1,0
BRDA:196,2,0,15
BRDA:196,2,1,1
BRDA:196,2,2,1
BRDA:196,2,3,1
BRDA:240,3,0,1
BRDA:245,4,0,1
BRDA:251,5,0,1
BRDA:251,6,0,10
BRDA:251,6,1,9
BRDA:256,7,0,1
BRDA:280,8,0,1
BRDA:304,9,0,1
BRDA:334,10,0,1
BRDA:334,11,0,1
BRDA:334,11,1,2
BRDA:334,12,0,3
BRDA:334,12,1,2
BRDA:355,13,0,2
BRDA:355,13,1,0
BRDA:400,14,0,6
BRDA:400,14,1,3
BRF:24
BRH:22
end_of_record
TN:
SF:src/converter.ts
FN:77,(anonymous_0)
FN:104,(anonymous_1)
FN:248,(anonymous_2)
FN:295,(anonymous_3)
FN:335,(anonymous_4)
FN:396,(anonymous_5)
FN:476,(anonymous_6)
FN:512,(anonymous_7)
FN:543,(anonymous_8)
FN:548,(anonymous_9)
FN:573,(anonymous_10)
FN:581,(anonymous_11)
FN:609,(anonymous_12)
FN:617,(anonymous_13)
FN:651,(anonymous_14)
FN:657,(anonymous_15)
FN:692,(anonymous_16)
FN:743,(anonymous_17)
FN:745,(anonymous_18)
FN:775,(anonymous_19)
FN:781,(anonymous_20)
FN:785,(anonymous_21)
FN:827,(anonymous_22)
FN:832,(anonymous_23)
FN:870,(anonymous_24)
FN:875,(anonymous_25)
FN:876,(anonymous_26)
FN:901,(anonymous_27)
FN:931,(anonymous_28)
FN:961,(anonymous_29)
FN:995,(anonymous_30)
FNF:31
FNH:30
FNDA:39,(anonymous_0)
FNDA:3,(anonymous_1)
FNDA:3,(anonymous_2)
FNDA:3,(anonymous_3)
FNDA:0,(anonymous_4)
FNDA:2,(anonymous_5)
FNDA:53,(anonymous_6)
FNDA:1,(anonymous_7)
FNDA:10,(anonymous_8)
FNDA:11,(anonymous_9)
FNDA:5,(anonymous_10)
FNDA:4,(anonymous_11)
FNDA:3,(anonymous_12)
FNDA:4,(anonymous_13)
FNDA:4,(anonymous_14)
FNDA:4,(anonymous_15)
FNDA:26,(anonymous_16)
FNDA:3,(anonymous_17)
FNDA:2,(anonymous_18)
FNDA:3,(anonymous_19)
FNDA:2,(anonymous_20)
FNDA:3,(anonymous_21)
FNDA:2,(anonymous_22)
FNDA:2,(anonymous_23)
FNDA:3,(anonymous_24)
FNDA:4,(anonymous_25)
FNDA:4,(anonymous_26)
FNDA:1,(anonymous_27)
FNDA:5,(anonymous_28)
FNDA:4,(anonymous_29)
FNDA:8,(anonymous_30)
DA:5,1
DA:74,1
DA:78,39
DA:106,3
DA:107,3
DA:108,3
DA:109,3
DA:110,3
DA:111,3
DA:112,3
DA:113,3
DA:115,3
DA:116,0
DA:119,0
DA:122,0
DA:128,3
DA:129,3
DA:130,3
DA:133,3
DA:136,3
DA:137,2
DA:138,2
DA:140,3
DA:141,2
DA:142,2
DA:146,3
DA:147,3
DA:150,3
DA:154,0
DA:155,0
DA:156,0
DA:157,0
DA:158,0
DA:159,0
DA:161,0
DA:168,3
DA:169,2
DA:170,2
DA:171,2
DA:172,2
DA:173,2
DA:174,2
DA:176,0
DA:183,3
DA:184,0
DA:185,0
DA:186,0
DA:190,3
DA:191,0
DA:192,0
DA:193,0
DA:197,3
DA:198,3
DA:199,3
DA:202,3
DA:203,1
DA:206,1
DA:211,1
DA:214,3
DA:215,3
DA:217,3
DA:219,3
DA:249,3
DA:250,3
DA:251,3
DA:254,3
DA:255,3
DA:256,3
DA:257,3
DA:258,0
DA:259,0
DA:262,3
DA:263,3
DA:264,3
DA:265,3
DA:268,0
DA:269,0
DA:273,3
DA:274,3
DA:277,3
DA:279,3
DA:281,3
DA:296,3
DA:297,0
DA:298,0
DA:301,3
DA:302,0
DA:303,0
DA:306,3
DA:307,0
DA:308,0
DA:311,3
DA:312,1
DA:313,1
DA:317,2
DA:318,2
DA:324,2
DA:325,2
DA:336,0
DA:338,0
DA:340,0
DA:341,0
DA:342,0
DA:344,0
DA:346,0
DA:347,0
DA:348,0
DA:352,0
DA:353,0
DA:354,0
DA:355,0
DA:356,0
DA:360,0
DA:361,0
DA:364,0
DA:369,0
DA:397,2
DA:399,2
DA:401,2
DA:402,0
DA:403,0
DA:406,2
DA:407,0
DA:408,0
DA:409,0
DA:412,2
DA:414,2
DA:416,2
DA:417,4
DA:418,4
DA:419,4
DA:420,4
DA:421,4
DA:422,4
DA:425,0
DA:426,0
DA:427,0
DA:430,0
DA:436,2
DA:437,2
DA:439,2
DA:441,0
DA:442,0
DA:443,0
DA:446,0
DA:477,53
DA:479,6
DA:482,5
DA:486,3
DA:489,0
DA:492,26
DA:495,1
DA:498,3
DA:501,3
DA:504,2
DA:507,1
DA:511,3
DA:512,1
DA:514,2
DA:544,10
DA:545,1
DA:548,11
DA:574,5
DA:575,5
DA:577,5
DA:578,1
DA:581,4
DA:582,4
DA:610,3
DA:611,1
DA:614,2
DA:616,2
DA:618,4
DA:619,4
DA:620,4
DA:652,4
DA:653,0
DA:656,4
DA:658,4
DA:659,4
DA:661,0
DA:693,26
DA:695,26
DA:696,7
DA:697,8
DA:699,3
DA:700,3
DA:702,1
DA:703,1
DA:705,1
DA:706,1
DA:708,3
DA:709,3
DA:710,3
DA:716,26
DA:744,3
DA:745,3
DA:746,3
DA:776,3
DA:777,1
DA:780,2
DA:782,2
DA:783,2
DA:785,3
DA:828,2
DA:829,1
DA:832,2
DA:834,1
DA:835,0
DA:839,1
DA:840,1
DA:841,1
DA:844,1
DA:871,3
DA:872,1
DA:875,2
DA:876,4
DA:877,4
DA:880,2
DA:902,1
DA:903,1
DA:904,1
DA:932,5
DA:962,4
DA:970,4
DA:997,8
LF:226
LH:164
BRDA:113,0,0,3
BRDA:113,0,1,0
BRDA:113,1,0,3
BRDA:113,1,1,3
BRDA:115,2,0,0
BRDA:115,3,0,3
BRDA:115,3,1,0
BRDA:115,4,0,3
BRDA:115,4,1,3
BRDA:120,5,0,0
BRDA:120,5,1,0
BRDA:128,6,0,3
BRDA:131,7,0,3
BRDA:131,7,1,0
BRDA:136,8,0,2
BRDA:140,9,0,2
BRDA:150,10,0,0
BRDA:151,11,0,3
BRDA:151,11,1,0
BRDA:151,12,0,3
BRDA:151,12,1,0
BRDA:151,13,0,3
BRDA:151,13,1,3
BRDA:158,14,0,0
BRDA:158,14,1,0
BRDA:168,15,0,2
BRDA:168,16,0,3
BRDA:168,16,1,3
BRDA:168,16,2,3
BRDA:173,17,0,2
BRDA:173,17,1,0
BRDA:183,18,0,0
BRDA:183,19,0,3
BRDA:183,19,1,1
BRDA:183,19,2,0
BRDA:190,20,0,0
BRDA:190,21,0,3
BRDA:190,21,1,1
BRDA:190,21,2,0
BRDA:202,22,0,1
BRDA:257,23,0,0
BRDA:257,23,1,3
BRDA:273,24,0,3
BRDA:273,24,1,1
BRDA:296,25,0,0
BRDA:301,26,0,0
BRDA:306,27,0,0
BRDA:306,28,0,3
BRDA:306,28,1,3
BRDA:311,29,0,1
BRDA:346,30,0,0
BRDA:352,31,0,0
BRDA:352,32,0,0
BRDA:352,32,1,0
BRDA:352,32,2,0
BRDA:360,33,0,0
BRDA:360,34,0,0
BRDA:360,34,1,0
BRDA:360,34,2,0
BRDA:401,35,0,0
BRDA:406,36,0,0
BRDA:406,37,0,2
BRDA:406,37,1,2
BRDA:425,38,0,0
BRDA:425,38,1,0
BRDA:431,39,0,0
BRDA:431,39,1,0
BRDA:441,40,0,0
BRDA:441,40,1,0
BRDA:477,41,0,6
BRDA:477,41,1,5
BRDA:477,41,2,2
BRDA:477,41,3,3
BRDA:477,41,4,0
BRDA:477,41,5,26
BRDA:477,41,6,1
BRDA:477,41,7,3
BRDA:477,41,8,3
BRDA:477,41,9,2
BRDA:477,41,10,1
BRDA:477,41,11,3
BRDA:511,42,0,1
BRDA:514,43,0,2
BRDA:514,43,1,1
BRDA:544,44,0,1
BRDA:574,45,0,5
BRDA:574,45,1,0
BRDA:574,46,0,0
BRDA:574,46,1,5
BRDA:574,47,0,5
BRDA:574,47,1,5
BRDA:577,48,0,1
BRDA:610,49,0,1
BRDA:618,50,0,2
BRDA:618,50,1,2
BRDA:652,51,0,0
BRDA:658,52,0,4
BRDA:693,53,0,26
BRDA:693,53,1,0
BRDA:695,54,0,7
BRDA:697,55,0,3
BRDA:697,55,1,1
BRDA:697,55,2,1
BRDA:697,55,3,3
BRDA:708,56,0,3
BRDA:708,56,1,1
BRDA:708,57,0,1
BRDA:708,57,1,2
BRDA:708,58,0,3
BRDA:708,58,1,3
BRDA:744,59,0,3
BRDA:744,59,1,2
BRDA:744,60,0,2
BRDA:744,60,1,1
BRDA:744,61,0,3
BRDA:744,61,1,3
BRDA:745,62,0,3
BRDA:745,62,1,1
BRDA:745,62,2,1
BRDA:745,63,0,1
BRDA:745,63,1,2
BRDA:745,64,0,3
BRDA:745,64,1,3
BRDA:745,65,0,2
BRDA:745,65,1,0
BRDA:776,66,0,1
BRDA:828,67,0,1
BRDA:834,68,0,0
BRDA:839,69,0,1
BRDA:871,70,0,1
BRDA:876,71,0,4
BRDA:876,71,1,0
BRDA:876,72,0,0
BRDA:876,72,1,4
BRDA:876,73,0,4
BRDA:876,73,1,4
BRDA:902,74,0,1
BRDA:902,74,1,0
BRF:138
BRH:91
end_of_record
TN:
SF:src/settings.ts
FN:7,(anonymous_0)
FN:17,(anonymous_1)
FN:29,(anonymous_2)
FN:45,(anonymous_3)
FN:154,(anonymous_4)
FN:161,(anonymous_5)
FN:168,(anonymous_6)
FN:177,(anonymous_7)
FN:186,(anonymous_8)
FN:195,(anonymous_9)
FN:208,(anonymous_10)
FN:213,(anonymous_11)
FN:238,(anonymous_12)
FN:251,(anonymous_13)
FN:255,(anonymous_14)
FN:255,(anonymous_15)
FN:264,(anonymous_16)
FN:269,(anonymous_17)
FN:269,(anonymous_18)
FN:279,(anonymous_19)
FN:290,(anonymous_20)
FN:291,(anonymous_21)
FN:291,(anonymous_22)
FN:302,(anonymous_23)
FN:309,(anonymous_24)
FN:309,(anonymous_25)
FN:320,(anonymous_26)
FN:329,(anonymous_27)
FN:335,(anonymous_28)
FN:335,(anonymous_29)
FN:347,(anonymous_30)
FN:350,(anonymous_31)
FN:350,(anonymous_32)
FN:360,(anonymous_33)
FN:361,(anonymous_34)
FN:361,(anonymous_35)
FN:371,(anonymous_36)
FN:382,(anonymous_37)
FN:390,(anonymous_38)
FN:390,(anonymous_39)
FN:400,(anonymous_40)
FN:407,(anonymous_41)
FN:407,(anonymous_42)
FN:417,(anonymous_43)
FN:422,(anonymous_44)
FN:422,(anonymous_45)
FN:432,(anonymous_46)
FN:441,(anonymous_47)
FN:442,(anonymous_48)
FN:442,(anonymous_49)
FN:452,(anonymous_50)
FN:455,(anonymous_51)
FN:455,(anonymous_52)
FN:465,(anonymous_53)
FN:468,(anonymous_54)
FN:468,(anonymous_55)
FN:478,(anonymous_56)
FN:513,(anonymous_58)
FNF:58
FNH:8
FNDA:3,(anonymous_0)
FNDA:3,(anonymous_1)
FNDA:3,(anonymous_2)
FNDA:3,(anonymous_3)
FNDA:39,(anonymous_4)
FNDA:0,(anonymous_5)
FNDA:0,(anonymous_6)
FNDA:2,(anonymous_7)
FNDA:6,(anonymous_8)
FNDA:83,(anonymous_9)
FNDA:0,(anonymous_10)
FNDA:0,(anonymous_11)
FNDA:0,(anonymous_12)
FNDA:0,(anonymous_13)
FNDA:0,(anonymous_14)
FNDA:0,(anonymous_15)
FNDA:0,(anonymous_16)
FNDA:0,(anonymous_17)
FNDA:0,(anonymous_18)
FNDA:0,(anonymous_19)
FNDA:0,(anonymous_20)
FNDA:0,(anonymous_21)
FNDA:0,(anonymous_22)
FNDA:0,(anonymous_23)
FNDA:0,(anonymous_24)
FNDA:0,(anonymous_25)
FNDA:0,(anonymous_26)
FNDA:0,(anonymous_27)
FNDA:0,(anonymous_28)
FNDA:0,(anonymous_29)
FNDA:0,(anonymous_30)
FNDA:0,(anonymous_31)
FNDA:0,(anonymous_32)
FNDA:0,(anonymous_33)
FNDA:0,(anonymous_34)
FNDA:0,(anonymous_35)
FNDA:0,(anonymous_36)
FNDA:0,(anonymous_37)
FNDA:0,(anonymous_38)
FNDA:0,(anonymous_39)
FNDA:0,(anonymous_40)
FNDA:0,(anonymous_41)
FNDA:0,(anonymous_42)
FNDA:0,(anonymous_43)
FNDA:0,(anonymous_44)
FNDA:0,(anonymous_45)
FNDA:0,(anonymous_46)
FNDA:0,(anonymous_47)
FNDA:0,(anonymous_48)
FNDA:0,(anonymous_49)
FNDA:0,(anonymous_50)
FNDA:0,(anonymous_51)
FNDA:0,(anonymous_52)
FNDA:0,(anonymous_53)
FNDA:0,(anonymous_54)
FNDA:0,(anonymous_55)
FNDA:0,(anonymous_56)
FNDA:0,(anonymous_58)
DA:1,3
DA:7,3
DA:8,3
DA:9,3
DA:10,3
DA:11,3
DA:17,3
DA:19,3
DA:21,3
DA:23,3
DA:29,3
DA:31,3
DA:33,3
DA:35,3
DA:37,3
DA:39,3
DA:45,3
DA:47,3
DA:49,3
DA:51,3
DA:53,3
DA:118,3
DA:151,3
DA:155,39
DA:162,0
DA:169,0
DA:170,0
DA:178,2
DA:179,0
DA:187,6
DA:188,0
DA:196,83
DA:197,0
DA:205,3
DA:209,0
DA:210,0
DA:214,0
DA:215,0
DA:217,0
DA:220,0
DA:223,0
DA:226,0
DA:229,0
DA:232,0
DA:239,0
DA:241,0
DA:244,0
DA:245,0
DA:248,0
DA:252,0
DA:255,0
DA:256,0
DA:261,0
DA:265,0
DA:269,0
DA:270,0
DA:271,0
DA:280,0
DA:282,0
DA:285,0
DA:291,0
DA:292,0
DA:293,0
DA:294,0
DA:299,0
DA:303,0
DA:309,0
DA:310,0
DA:311,0
DA:312,0
DA:321,0
DA:323,0
DA:326,0
DA:330,0
DA:335,0
DA:336,0
DA:337,0
DA:342,0
DA:348,0
DA:350,0
DA:351,0
DA:352,0
DA:357,0
DA:361,0
DA:362,0
DA:363,0
DA:372,0
DA:374,0
DA:377,0
DA:383,0
DA:390,0
DA:391,0
DA:392,0
DA:397,0
DA:401,0
DA:407,0
DA:408,0
DA:409,0
DA:414,0
DA:418,0
DA:422,0
DA:423,0
DA:424,0
DA:433,0
DA:435,0
DA:438,0
DA:442,0
DA:443,0
DA:444,0
DA:449,0
DA:453,0
DA:455,0
DA:456,0
DA:457,0
DA:462,0
DA:466,0
DA:468,0
DA:469,0
DA:470,0
DA:479,0
DA:481,0
DA:483,0
DA:484,0
DA:487,0
DA:489,0
DA:490,0
DA:491,0
DA:492,0
DA:494,0
DA:496,0
DA:498,0
DA:501,0
DA:502,0
DA:504,0
DA:505,0
DA:506,0
DA:514,0
DA:516,0
DA:517,0
DA:518,0
DA:520,0
LF:141
LH:28
BRDA:7,0,0,3
BRDA:7,0,1,3
BRDA:17,1,0,3
BRDA:17,1,1,3
BRDA:29,2,0,3
BRDA:29,2,1,3
BRDA:45,3,0,3
BRDA:45,3,1,3
BRDA:169,4,0,0
BRDA:178,5,0,0
BRDA:187,6,0,0
BRDA:196,7,0,0
BRDA:196,8,0,83
BRDA:196,8,1,0
BRDA:489,9,0,0
BRDA:489,9,1,0
BRDA:489,10,0,0
BRDA:489,10,1,0
BRDA:504,11,0,0
BRDA:504,11,1,0
BRDA:516,12,0,0
BRDA:516,12,1,0
BRDA:516,13,0,0
BRDA:516,13,1,0
BRF:24
BRH:9
end_of_record
TN:
SF:src/services/document-metadata.ts
FN:90,(anonymous_0)
FN:102,(anonymous_1)
FN:146,(anonymous_2)
FN:150,(anonymous_3)
FN:167,(anonymous_4)
FN:171,(anonymous_5)
FN:184,(anonymous_6)
FN:188,(anonymous_7)
FN:221,(anonymous_8)
FN:230,(anonymous_9)
FN:231,(anonymous_10)
FN:234,(anonymous_11)
FN:242,(anonymous_12)
FN:243,(anonymous_13)
FN:264,(anonymous_14)
FN:269,(anonymous_15)
FN:279,(anonymous_16)
FN:290,(anonymous_17)
FN:308,(anonymous_18)
FN:330,(anonymous_19)
FN:360,(anonymous_20)
FN:393,(anonymous_21)
FN:398,(anonymous_22)
FN:425,(anonymous_23)
FN:431,(anonymous_24)
FN:440,(anonymous_25)
FN:445,(anonymous_26)
FN:456,(anonymous_27)
FN:503,(anonymous_28)
FNF:29
FNH:0
FNDA:0,(anonymous_0)
FNDA:0,(anonymous_1)
FNDA:0,(anonymous_2)
FNDA:0,(anonymous_3)
FNDA:0,(anonymous_4)
FNDA:0,(anonymous_5)
FNDA:0,(anonymous_6)
FNDA:0,(anonymous_7)
FNDA:0,(anonymous_8)
FNDA:0,(anonymous_9)
FNDA:0,(anonymous_10)
FNDA:0,(anonymous_11)
FNDA:0,(anonymous_12)
FNDA:0,(anonymous_13)
FNDA:0,(anonymous_14)
FNDA:0,(anonymous_15)
FNDA:0,(anonymous_16)
FNDA:0,(anonymous_17)
FNDA:0,(anonymous_18)
FNDA:0,(anonymous_19)
FNDA:0,(anonymous_20)
FNDA:0,(anonymous_21)
FNDA:0,(anonymous_22)
FNDA:0,(anonymous_23)
FNDA:0,(anonymous_24)
FNDA:0,(anonymous_25)
FNDA:0,(anonymous_26)
FNDA:0,(anonymous_27)
FNDA:0,(anonymous_28)
DA:90,0
DA:91,0
DA:92,0
DA:93,0
DA:107,0
DA:108,0
DA:109,0
DA:111,0
DA:112,0
DA:115,0
DA:131,0
DA:134,0
DA:136,0
DA:150,0
DA:151,0
DA:156,0
DA:171,0
DA:172,0
DA:173,0
DA:188,0
DA:189,0
DA:191,0
DA:193,0
DA:194,0
DA:196,0
DA:198,0
DA:200,0
DA:202,0
DA:204,0
DA:205,0
DA:207,0
DA:208,0
DA:211,0
DA:230,0
DA:231,0
DA:233,0
DA:235,0
DA:236,0
DA:237,0
DA:242,0
DA:243,0
DA:245,0
DA:268,0
DA:269,0
DA:270,0
DA:271,0
DA:280,0
DA:291,0
DA:292,0
DA:295,0
DA:309,0
DA:310,0
DA:311,0
DA:319,0
DA:331,0
DA:332,0
DA:333,0
DA:334,0
DA:335,0
DA:336,0
DA:337,0
DA:339,0
DA:340,0
DA:341,0
DA:342,0
DA:343,0
DA:344,0
DA:346,0
DA:349,0
DA:362,0
DA:363,0
DA:368,0
DA:372,0
DA:373,0
DA:379,0
DA:383,0
DA:394,0
DA:395,0
DA:398,0
DA:399,0
DA:400,0
DA:402,0
DA:403,0
DA:405,0
DA:408,0
DA:415,0
DA:427,0
DA:428,0
DA:431,0
DA:435,0
DA:436,0
DA:440,0
DA:444,0
DA:445,0
DA:458,0
DA:459,0
DA:460,0
DA:461,0
DA:462,0
DA:467,0
DA:468,0
DA:469,0
DA:474,0
DA:475,0
DA:476,0
DA:477,0
DA:479,0
DA:480,0
DA:485,0
DA:486,0
DA:488,0
DA:489,0
DA:492,0
DA:504,0
DA:505,0
LF:115
LH:0
BRDA:108,0,0,0
BRDA:127,1,0,0
BRDA:127,1,1,0
BRDA:151,2,0,0
BRDA:151,2,1,0
BRDA:191,3,0,0
BRDA:191,3,1,0
BRDA:191,3,2,0
BRDA:191,3,3,0
BRDA:191,3,4,0
BRDA:211,4,0,0
BRDA:211,4,1,0
BRDA:231,5,0,0
BRDA:231,5,1,0
BRDA:236,6,0,0
BRDA:236,6,1,0
BRDA:252,7,0,0
BRDA:252,7,1,0
BRDA:291,8,0,0
BRDA:291,9,0,0
BRDA:291,9,1,0
BRDA:339,10,0,0
BRDA:339,10,1,0
BRDA:340,11,0,0
BRDA:340,11,1,0
BRDA:341,12,0,0
BRDA:341,12,1,0
BRDA:342,13,0,0
BRDA:342,13,1,0
BRDA:343,14,0,0
BRDA:343,14,1,0
BRDA:344,15,0,0
BRDA:344,15,1,0
BRDA:362,16,0,0
BRDA:362,17,0,0
BRDA:362,17,1,0
BRDA:368,18,0,0
BRDA:368,18,1,0
BRDA:372,19,0,0
BRDA:372,20,0,0
BRDA:372,20,1,0
BRDA:379,21,0,0
BRDA:379,21,1,0
BRDA:394,22,0,0
BRDA:394,23,0,0
BRDA:394,23,1,0
BRDA:399,24,0,0
BRDA:402,25,0,0
BRDA:402,26,0,0
BRDA:402,26,1,0
BRDA:415,27,0,0
BRDA:415,27,1,0
BRDA:415,28,0,0
BRDA:415,28,1,0
BRDA:427,29,0,0
BRDA:427,30,0,0
BRDA:427,30,1,0
BRDA:435,31,0,0
BRDA:435,32,0,0
BRDA:435,32,1,0
BRDA:458,33,0,0
BRDA:458,34,0,0
BRDA:458,34,1,0
BRDA:461,35,0,0
BRDA:467,36,0,0
BRDA:467,37,0,0
BRDA:467,37,1,0
BRDA:468,38,0,0
BRDA:474,39,0,0
BRDA:476,40,0,0
BRDA:476,41,0,0
BRDA:476,41,1,0
BRDA:479,42,0,0
BRDA:479,43,0,0
BRDA:479,43,1,0
BRDA:485,44,0,0
BRDA:485,45,0,0
BRDA:485,45,1,0
BRDA:488,46,0,0
BRDA:488,47,0,0
BRDA:488,47,1,0
BRDA:506,48,0,0
BRDA:506,48,1,0
BRDA:507,49,0,0
BRDA:507,49,1,0
BRF:85
BRH:0
end_of_record
TN:
SF:src/services/duplicate-detector.ts
FN:70,(anonymous_0)
FN:82,(anonymous_1)
FN:103,(anonymous_3)
FN:117,(anonymous_5)
FN:173,(anonymous_7)
FN:193,(anonymous_9)
FN:211,(anonymous_10)
FN:218,(anonymous_11)
FN:229,(anonymous_12)
FN:263,(anonymous_14)
FN:302,(anonymous_15)
FN:346,(anonymous_16)
FN:375,(anonymous_17)
FN:387,(anonymous_18)
FN:397,(anonymous_19)
FN:407,(anonymous_20)
FN:421,(anonymous_21)
FN:430,(anonymous_22)
FN:444,(anonymous_23)
FN:468,(anonymous_24)
FN:505,(anonymous_25)
FNF:21
FNH:0
FNDA:0,(anonymous_0)
FNDA:0,(anonymous_1)
FNDA:0,(anonymous_3)
FNDA:0,(anonymous_5)
FNDA:0,(anonymous_7)
FNDA:0,(anonymous_9)
FNDA:0,(anonymous_10)
FNDA:0,(anonymous_11)
FNDA:0,(anonymous_12)
FNDA:0,(anonymous_14)
FNDA:0,(anonymous_15)
FNDA:0,(anonymous_16)
FNDA:0,(anonymous_17)
FNDA:0,(anonymous_18)
FNDA:0,(anonymous_19)
FNDA:0,(anonymous_20)
FNDA:0,(anonymous_21)
FNDA:0,(anonymous_22)
FNDA:0,(anonymous_23)
FNDA:0,(anonymous_24)
FNDA:0,(anonymous_25)
DA:1,0
DA:59,0
DA:61,0
DA:62,0
DA:63,0
DA:71,0
DA:83,0
DA:84,0
DA:87,0
DA:88,0
DA:89,0
DA:91,0
DA:92,0
DA:104,0
DA:105,0
DA:106,0
DA:107,0
DA:118,0
DA:119,0
DA:123,0
DA:124,0
DA:125,0
DA:130,0
DA:132,0
DA:134,0
DA:135,0
DA:136,0
DA:138,0
DA:147,0
DA:148,0
DA:149,0
DA:159,0
DA:174,0
DA:175,0
DA:178,0
DA:180,0
DA:181,0
DA:182,0
DA:185,0
DA:199,0
DA:201,0
DA:202,0
DA:210,0
DA:211,0
DA:214,0
DA:218,0
DA:230,0
DA:232,0
DA:233,0
DA:234,0
DA:235,0
DA:237,0
DA:238,0
DA:245,0
DA:246,0
DA:250,0
DA:251,0
DA:266,0
DA:267,0
DA:268,0
DA:271,0
DA:274,0
DA:275,0
DA:279,0
DA:280,0
DA:281,0
DA:283,0
DA:284,0
DA:287,0
DA:306,0
DA:307,0
DA:310,0
DA:311,0
DA:320,0
DA:321,0
DA:330,0
DA:351,0
DA:356,0
DA:360,0
DA:363,0
DA:365,0
DA:376,0
DA:377,0
DA:388,0
DA:397,0
DA:410,0
DA:411,0
DA:422,0
DA:430,0
DA:445,0
DA:448,0
DA:449,0
DA:450,0
DA:453,0
DA:454,0
DA:456,0
DA:458,0
DA:470,0
DA:471,0
DA:472,0
DA:473,0
DA:474,0
DA:477,0
DA:480,0
DA:481,0
DA:482,0
DA:483,0
DA:486,0
DA:487,0
DA:491,0
DA:492,0
DA:495,0
DA:506,0
LF:113
LH:0
BRDA:83,0,0,0
BRDA:91,1,0,0
BRDA:91,1,1,0
BRDA:118,2,0,0
BRDA:124,3,0,0
BRDA:134,4,0,0
BRDA:148,5,0,0
BRDA:174,6,0,0
BRDA:201,7,0,0
BRDA:216,8,0,0
BRDA:216,8,1,0
BRDA:216,9,0,0
BRDA:216,9,1,0
BRDA:216,10,0,0
BRDA:216,10,1,0
BRDA:217,11,0,0
BRDA:217,11,1,0
BRDA:217,12,0,0
BRDA:217,12,1,0
BRDA:217,13,0,0
BRDA:217,13,1,0
BRDA:237,14,0,0
BRDA:267,15,0,0
BRDA:274,16,0,0
BRDA:283,17,0,0
BRDA:283,18,0,0
BRDA:283,18,1,0
BRDA:283,18,2,0
BRDA:310,19,0,0
BRDA:320,20,0,0
BRDA:365,21,0,0
BRDA:365,21,1,0
BRDA:365,21,2,0
BRDA:377,22,0,0
BRDA:377,22,1,0
BRDA:448,23,0,0
BRDA:448,23,1,0
BRDA:473,24,0,0
BRDA:473,24,1,0
BRDA:491,25,0,0
BRDA:491,25,1,0
BRF:41
BRH:0
end_of_record
TN:
SF:src/services/import-manager.ts
FN:150,(anonymous_0)
FN:167,(anonymous_1)
FN:180,(anonymous_3)
FN:184,(anonymous_4)
FN:185,(anonymous_5)
FN:204,(anonymous_6)
FN:220,(anonymous_7)
FN:230,(anonymous_8)
FN:240,(anonymous_9)
FN:241,(anonymous_10)
FN:248,(anonymous_11)
FN:262,(anonymous_12)
FN:270,(anonymous_13)
FN:284,(anonymous_14)
FN:285,(anonymous_15)
FN:305,(anonymous_16)
FN:317,(anonymous_18)
FN:317,(anonymous_19)
FN:346,(anonymous_20)
FN:484,(anonymous_22)
FN:505,(anonymous_23)
FN:537,(anonymous_24)
FN:553,(anonymous_25)
FN:565,(anonymous_26)
FN:577,(anonymous_27)
FN:599,(anonymous_28)
FN:613,(anonymous_30)
FN:635,(anonymous_31)
FN:655,(anonymous_33)
FN:703,(anonymous_35)
FN:725,(anonymous_37)
FN:764,(anonymous_39)
FN:775,(anonymous_41)
FN:787,(anonymous_42)
FN:788,(anonymous_43)
FN:799,(anonymous_44)
FN:803,(anonymous_45)
FN:804,(anonymous_47)
FN:807,(anonymous_48)
FN:809,(anonymous_49)
FN:811,(anonymous_50)
FN:817,(anonymous_51)
FNF:42
FNH:0
FNDA:0,(anonymous_0)
FNDA:0,(anonymous_1)
FNDA:0,(anonymous_3)
FNDA:0,(anonymous_4)
FNDA:0,(anonymous_5)
FNDA:0,(anonymous_6)
FNDA:0,(anonymous_7)
FNDA:0,(anonymous_8)
FNDA:0,(anonymous_9)
FNDA:0,(anonymous_10)
FNDA:0,(anonymous_11)
FNDA:0,(anonymous_12)
FNDA:0,(anonymous_13)
FNDA:0,(anonymous_14)
FNDA:0,(anonymous_15)
FNDA:0,(anonymous_16)
FNDA:0,(anonymous_18)
FNDA:0,(anonymous_19)
FNDA:0,(anonymous_20)
FNDA:0,(anonymous_22)
FNDA:0,(anonymous_23)
FNDA:0,(anonymous_24)
FNDA:0,(anonymous_25)
FNDA:0,(anonymous_26)
FNDA:0,(anonymous_27)
FNDA:0,(anonymous_28)
FNDA:0,(anonymous_30)
FNDA:0,(anonymous_31)
FNDA:0,(anonymous_33)
FNDA:0,(anonymous_35)
FNDA:0,(anonymous_37)
FNDA:0,(anonymous_39)
FNDA:0,(anonymous_41)
FNDA:0,(anonymous_42)
FNDA:0,(anonymous_43)
FNDA:0,(anonymous_44)
FNDA:0,(anonymous_45)
FNDA:0,(anonymous_47)
FNDA:0,(anonymous_48)
FNDA:0,(anonymous_49)
FNDA:0,(anonymous_50)
FNDA:0,(anonymous_51)
DA:1,0
DA:5,0
DA:113,0
DA:132,0
DA:136,0
DA:137,0
DA:138,0
DA:151,0
DA:152,0
DA:153,0
DA:154,0
DA:172,0
DA:173,0
DA:176,0
DA:177,0
DA:180,0
DA:183,0
DA:184,0
DA:185,0
DA:188,0
DA:190,0
DA:191,0
DA:193,0
DA:194,0
DA:196,0
DA:205,0
DA:206,0
DA:209,0
DA:210,0
DA:211,0
DA:212,0
DA:221,0
DA:231,0
DA:232,0
DA:241,0
DA:249,0
DA:250,0
DA:251,0
DA:252,0
DA:263,0
DA:264,0
DA:265,0
DA:266,0
DA:269,0
DA:270,0
DA:283,0
DA:284,0
DA:286,0
DA:294,0
DA:309,0
DA:310,0
DA:312,0
DA:313,0
DA:314,0
DA:317,0
DA:318,0
DA:319,0
DA:321,0
DA:325,0
DA:328,0
DA:329,0
DA:334,0
DA:351,0
DA:352,0
DA:357,0
DA:360,0
DA:361,0
DA:368,0
DA:370,0
DA:371,0
DA:377,0
DA:379,0
DA:380,0
DA:386,0
DA:387,0
DA:388,0
DA:392,0
DA:393,0
DA:397,0
DA:398,0
DA:404,0
DA:405,0
DA:406,0
DA:410,0
DA:416,0
DA:419,0
DA:426,0
DA:428,0
DA:429,0
DA:431,0
DA:432,0
DA:434,0
DA:435,0
DA:436,0
DA:437,0
DA:438,0
DA:440,0
DA:443,0
DA:447,0
DA:455,0
DA:457,0
DA:459,0
DA:467,0
DA:469,0
DA:470,0
DA:474,0
DA:485,0
DA:492,0
DA:493,0
DA:495,0
DA:496,0
DA:507,0
DA:510,0
DA:516,0
DA:517,0
DA:520,0
DA:521,0
DA:522,0
DA:527,0
DA:529,0
DA:538,0
DA:539,0
DA:540,0
DA:544,0
DA:554,0
DA:555,0
DA:556,0
DA:557,0
DA:566,0
DA:567,0
DA:578,0
DA:600,0
DA:601,0
DA:602,0
DA:603,0
DA:614,0
DA:615,0
DA:616,0
DA:618,0
DA:619,0
DA:620,0
DA:623,0
DA:639,0
DA:641,0
DA:643,0
DA:660,0
DA:666,0
DA:668,0
DA:670,0
DA:671,0
DA:674,0
DA:675,0
DA:678,0
DA:679,0
DA:682,0
DA:685,0
DA:692,0
DA:704,0
DA:706,0
DA:707,0
DA:708,0
DA:710,0
DA:713,0
DA:726,0
DA:728,0
DA:729,0
DA:732,0
DA:733,0
DA:737,0
DA:738,0
DA:741,0
DA:745,0
DA:746,0
DA:748,0
DA:749,0
DA:752,0
DA:765,0
DA:776,0
DA:777,0
DA:788,0
DA:797,0
DA:800,0
DA:804,0
DA:805,0
DA:806,0
DA:807,0
DA:809,0
DA:810,0
DA:811,0
DA:818,0
DA:819,0
DA:820,0
DA:821,0
LF:193
LH:0
BRDA:170,0,0,0
BRDA:172,1,0,0
BRDA:184,2,0,0
BRDA:184,2,1,0
BRDA:205,3,0,0
BRDA:232,4,0,0
BRDA:232,4,1,0
BRDA:313,5,0,0
BRDA:328,6,0,0
BRDA:351,7,0,0
BRDA:370,8,0,0
BRDA:370,9,0,0
BRDA:370,9,1,0
BRDA:379,10,0,0
BRDA:397,11,0,0
BRDA:397,12,0,0
BRDA:397,12,1,0
BRDA:428,13,0,0
BRDA:428,13,1,0
BRDA:429,14,0,0
BRDA:429,14,1,0
BRDA:431,15,0,0
BRDA:436,16,0,0
BRDA:436,16,1,0
BRDA:457,17,0,0
BRDA:457,17,1,0
BRDA:469,18,0,0
BRDA:485,19,0,0
BRDA:485,19,1,0
BRDA:495,20,0,0
BRDA:511,21,0,0
BRDA:511,21,1,0
BRDA:520,22,0,0
BRDA:520,23,0,0
BRDA:520,23,1,0
BRDA:540,24,0,0
BRDA:540,24,1,0
BRDA:554,25,0,0
BRDA:554,25,1,0
BRDA:566,26,0,0
BRDA:668,27,0,0
BRDA:668,27,1,0
BRDA:668,27,2,0
BRDA:668,27,3,0
BRDA:706,28,0,0
BRDA:706,28,1,0
BRDA:707,29,0,0
BRDA:728,30,0,0
BRDA:728,30,1,0
BRDA:737,31,0,0
BRDA:737,31,1,0
BRDA:746,32,0,0
BRDA:746,32,1,0
BRDA:777,33,0,0
BRDA:777,33,1,0
BRDA:805,34,0,0
BRDA:805,34,1,0
BRDA:819,35,0,0
BRF:58
BRH:0
end_of_record
TN:
SF:src/ui/conflict-resolution-modal.ts
FN:30,(anonymous_0)
FN:45,(anonymous_1)
FN:46,(anonymous_2)
FN:53,(anonymous_3)
FN:66,(anonymous_5)
FN:76,(anonymous_6)
FN:103,(anonymous_7)
FN:119,(anonymous_8)
FN:152,(anonymous_9)
FN:175,(anonymous_10)
FN:184,(anonymous_11)
FN:193,(anonymous_12)
FN:203,(anonymous_13)
FN:213,(anonymous_14)
FN:220,(anonymous_15)
FN:223,(anonymous_16)
FN:246,(anonymous_17)
FN:265,(anonymous_18)
FN:272,(anonymous_19)
FN:280,(anonymous_20)
FN:285,(anonymous_21)
FN:294,(anonymous_22)
FN:303,(anonymous_23)
FN:308,(anonymous_24)
FN:323,(anonymous_25)
FN:330,(anonymous_26)
FN:345,(anonymous_27)
FN:352,(anonymous_28)
FN:360,(anonymous_29)
FN:370,(anonymous_30)
FN:375,(anonymous_31)
FNF:31
FNH:0
FNDA:0,(anonymous_0)
FNDA:0,(anonymous_1)
FNDA:0,(anonymous_2)
FNDA:0,(anonymous_3)
FNDA:0,(anonymous_5)
FNDA:0,(anonymous_6)
FNDA:0,(anonymous_7)
FNDA:0,(anonymous_8)
FNDA:0,(anonymous_9)
FNDA:0,(anonymous_10)
FNDA:0,(anonymous_11)
FNDA:0,(anonymous_12)
FNDA:0,(anonymous_13)
FNDA:0,(anonymous_14)
FNDA:0,(anonymous_15)
FNDA:0,(anonymous_16)
FNDA:0,(anonymous_17)
FNDA:0,(anonymous_18)
FNDA:0,(anonymous_19)
FNDA:0,(anonymous_20)
FNDA:0,(anonymous_21)
FNDA:0,(anonymous_22)
FNDA:0,(anonymous_23)
FNDA:0,(anonymous_24)
FNDA:0,(anonymous_25)
FNDA:0,(anonymous_26)
FNDA:0,(anonymous_27)
FNDA:0,(anonymous_28)
FNDA:0,(anonymous_29)
FNDA:0,(anonymous_30)
FNDA:0,(anonymous_31)
DA:1,0
DA:22,0
DA:26,0
DA:36,0
DA:37,0
DA:38,0
DA:39,0
DA:46,0
DA:47,0
DA:48,0
DA:49,0
DA:55,0
DA:56,0
DA:57,0
DA:59,0
DA:63,0
DA:68,0
DA:69,0
DA:77,0
DA:78,0
DA:81,0
DA:82,0
DA:84,0
DA:85,0
DA:88,0
DA:89,0
DA:92,0
DA:93,0
DA:96,0
DA:97,0
DA:100,0
DA:104,0
DA:105,0
DA:107,0
DA:109,0
DA:111,0
DA:113,0
DA:115,0
DA:120,0
DA:122,0
DA:125,0
DA:126,0
DA:127,0
DA:130,0
DA:131,0
DA:132,0
DA:135,0
DA:136,0
DA:137,0
DA:140,0
DA:141,0
DA:142,0
DA:145,0
DA:146,0
DA:147,0
DA:148,0
DA:153,0
DA:155,0
DA:158,0
DA:161,0
DA:162,0
DA:163,0
DA:164,0
DA:167,0
DA:168,0
DA:169,0
DA:170,0
DA:171,0
DA:176,0
DA:178,0
DA:181,0
DA:184,0
DA:190,0
DA:193,0
DA:199,0
DA:200,0
DA:203,0
DA:210,0
DA:213,0
DA:219,0
DA:220,0
DA:233,0
DA:235,0
DA:236,0
DA:237,0
DA:239,0
DA:240,0
DA:247,0
DA:248,0
DA:249,0
DA:253,0
DA:254,0
DA:257,0
DA:258,0
DA:263,0
DA:265,0
DA:266,0
DA:269,0
DA:273,0
DA:281,0
DA:282,0
DA:284,0
DA:285,0
DA:286,0
DA:288,0
DA:293,0
DA:294,0
DA:295,0
DA:297,0
DA:302,0
DA:303,0
DA:304,0
DA:309,0
DA:310,0
DA:312,0
DA:313,0
DA:319,0
DA:321,0
DA:323,0
DA:324,0
DA:327,0
DA:331,0
DA:332,0
DA:333,0
DA:341,0
DA:342,0
DA:346,0
DA:347,0
DA:349,0
DA:353,0
DA:356,0
DA:357,0
DA:361,0
DA:362,0
DA:366,0
DA:367,0
DA:371,0
DA:372,0
DA:376,0
DA:377,0
DA:543,0
LF:141
LH:0
BRDA:55,0,0,0
BRDA:68,1,0,0
BRDA:107,2,0,0
BRDA:107,2,1,0
BRDA:107,2,2,0
BRDA:107,2,3,0
BRDA:127,3,0,0
BRDA:127,3,1,0
BRDA:145,4,0,0
BRDA:167,5,0,0
BRDA:167,6,0,0
BRDA:167,6,1,0
BRDA:199,7,0,0
BRDA:332,8,0,0
BRDA:346,9,0,0
BRDA:349,10,0,0
BRDA:349,10,1,0
BRDA:353,11,0,0
BRDA:361,12,0,0
BRDA:361,12,1,0
BRF:20
BRH:0
end_of_record
TN:
SF:src/ui/document-selection-modal.ts
FN:74,(anonymous_0)
FN:94,(anonymous_1)
FN:104,(anonymous_3)
FN:116,(anonymous_4)
FN:152,(anonymous_5)
FN:158,(anonymous_6)
FN:163,(anonymous_7)
FN:168,(anonymous_8)
FN:181,(anonymous_9)
FN:192,(anonymous_10)
FN:198,(anonymous_11)
FN:206,(anonymous_12)
FN:212,(anonymous_13)
FN:218,(anonymous_14)
FN:230,(anonymous_15)
FN:284,(anonymous_17)
FN:294,(anonymous_19)
FN:308,(anonymous_20)
FN:324,(anonymous_21)
FN:336,(anonymous_22)
FN:346,(anonymous_23)
FN:404,(anonymous_24)
FN:405,(anonymous_26)
FN:422,(anonymous_27)
FN:423,(anonymous_28)
FN:446,(anonymous_29)
FN:467,(anonymous_30)
FN:478,(anonymous_31)
FN:497,(anonymous_32)
FN:508,(anonymous_33)
FN:529,(anonymous_34)
FN:530,(anonymous_35)
FN:531,(anonymous_36)
FN:541,(anonymous_37)
FN:550,(anonymous_38)
FN:559,(anonymous_39)
FN:572,(anonymous_41)
FN:590,(anonymous_42)
FN:601,(anonymous_43)
FN:611,(anonymous_44)
FN:612,(anonymous_45)
FN:626,(anonymous_46)
FN:627,(anonymous_47)
FN:639,(anonymous_48)
FN:640,(anonymous_49)
FN:651,(anonymous_50)
FN:662,(anonymous_51)
FN:673,(anonymous_52)
FN:685,(anonymous_53)
FN:698,(anonymous_54)
FN:718,(anonymous_55)
FN:895,(anonymous_56)
FN:898,(anonymous_57)
FNF:53
FNH:0
FNDA:0,(anonymous_0)
FNDA:0,(anonymous_1)
FNDA:0,(anonymous_3)
FNDA:0,(anonymous_4)
FNDA:0,(anonymous_5)
FNDA:0,(anonymous_6)
FNDA:0,(anonymous_7)
FNDA:0,(anonymous_8)
FNDA:0,(anonymous_9)
FNDA:0,(anonymous_10)
FNDA:0,(anonymous_11)
FNDA:0,(anonymous_12)
FNDA:0,(anonymous_13)
FNDA:0,(anonymous_14)
FNDA:0,(anonymous_15)
FNDA:0,(anonymous_17)
FNDA:0,(anonymous_19)
FNDA:0,(anonymous_20)
FNDA:0,(anonymous_21)
FNDA:0,(anonymous_22)
FNDA:0,(anonymous_23)
FNDA:0,(anonymous_24)
FNDA:0,(anonymous_26)
FNDA:0,(anonymous_27)
FNDA:0,(anonymous_28)
FNDA:0,(anonymous_29)
FNDA:0,(anonymous_30)
FNDA:0,(anonymous_31)
FNDA:0,(anonymous_32)
FNDA:0,(anonymous_33)
FNDA:0,(anonymous_34)
FNDA:0,(anonymous_35)
FNDA:0,(anonymous_36)
FNDA:0,(anonymous_37)
FNDA:0,(anonymous_38)
FNDA:0,(anonymous_39)
FNDA:0,(anonymous_41)
FNDA:0,(anonymous_42)
FNDA:0,(anonymous_43)
FNDA:0,(anonymous_44)
FNDA:0,(anonymous_45)
FNDA:0,(anonymous_46)
FNDA:0,(anonymous_47)
FNDA:0,(anonymous_48)
FNDA:0,(anonymous_49)
FNDA:0,(anonymous_50)
FNDA:0,(anonymous_51)
FNDA:0,(anonymous_52)
FNDA:0,(anonymous_53)
FNDA:0,(anonymous_54)
FNDA:0,(anonymous_55)
FNDA:0,(anonymous_56)
FNDA:0,(anonymous_57)
DA:1,0
DA:30,0
DA:38,0
DA:39,0
DA:40,0
DA:41,0
DA:44,0
DA:45,0
DA:82,0
DA:83,0
DA:84,0
DA:85,0
DA:86,0
DA:87,0
DA:95,0
DA:96,0
DA:97,0
DA:105,0
DA:106,0
DA:108,0
DA:117,0
DA:118,0
DA:121,0
DA:122,0
DA:125,0
DA:126,0
DA:129,0
DA:130,0
DA:133,0
DA:136,0
DA:137,0
DA:140,0
DA:141,0
DA:144,0
DA:153,0
DA:156,0
DA:158,0
DA:161,0
DA:163,0
DA:166,0
DA:168,0
DA:171,0
DA:172,0
DA:174,0
DA:175,0
DA:176,0
DA:177,0
DA:178,0
DA:179,0
DA:181,0
DA:182,0
DA:183,0
DA:193,0
DA:194,0
DA:196,0
DA:198,0
DA:207,0
DA:210,0
DA:212,0
DA:215,0
DA:218,0
DA:221,0
DA:231,0
DA:233,0
DA:234,0
DA:235,0
DA:238,0
DA:240,0
DA:242,0
DA:244,0
DA:246,0
DA:248,0
DA:249,0
DA:250,0
DA:254,0
DA:257,0
DA:263,0
DA:268,0
DA:269,0
DA:271,0
DA:272,0
DA:274,0
DA:285,0
DA:286,0
DA:295,0
DA:297,0
DA:298,0
DA:299,0
DA:303,0
DA:308,0
DA:310,0
DA:311,0
DA:312,0
DA:316,0
DA:319,0
DA:320,0
DA:321,0
DA:324,0
DA:325,0
DA:337,0
DA:338,0
DA:341,0
DA:345,0
DA:346,0
DA:347,0
DA:348,0
DA:352,0
DA:355,0
DA:356,0
DA:361,0
DA:367,0
DA:368,0
DA:372,0
DA:376,0
DA:380,0
DA:386,0
DA:387,0
DA:388,0
DA:392,0
DA:393,0
DA:394,0
DA:405,0
DA:407,0
DA:408,0
DA:409,0
DA:412,0
DA:413,0
DA:414,0
DA:416,0
DA:422,0
DA:423,0
DA:426,0
DA:432,0
DA:434,0
DA:435,0
DA:437,0
DA:447,0
DA:448,0
DA:449,0
DA:450,0
DA:452,0
DA:453,0
DA:456,0
DA:457,0
DA:458,0
DA:459,0
DA:462,0
DA:465,0
DA:468,0
DA:479,0
DA:480,0
DA:482,0
DA:483,0
DA:486,0
DA:487,0
DA:499,0
DA:510,0
DA:512,0
DA:514,0
DA:515,0
DA:517,0
DA:518,0
DA:519,0
DA:520,0
DA:522,0
DA:523,0
DA:527,0
DA:528,0
DA:529,0
DA:530,0
DA:531,0
DA:534,0
DA:537,0
DA:538,0
DA:542,0
DA:543,0
DA:548,0
DA:550,0
DA:560,0
DA:562,0
DA:564,0
DA:565,0
DA:569,0
DA:570,0
DA:572,0
DA:573,0
DA:574,0
DA:578,0
DA:580,0
DA:591,0
DA:592,0
DA:602,0
DA:603,0
DA:612,0
DA:613,0
DA:614,0
DA:617,0
DA:618,0
DA:627,0
DA:628,0
DA:630,0
DA:631,0
DA:640,0
DA:641,0
DA:642,0
DA:652,0
DA:653,0
DA:663,0
DA:664,0
DA:674,0
DA:675,0
DA:676,0
DA:686,0
DA:687,0
DA:688,0
DA:699,0
DA:701,0
DA:703,0
DA:705,0
DA:707,0
DA:709,0
DA:720,0
DA:723,0
DA:724,0
DA:887,0
DA:897,0
DA:898,0
DA:899,0
DA:900,0
LF:229
LH:0
BRDA:105,0,0,0
BRDA:231,1,0,0
BRDA:248,2,0,0
BRDA:271,3,0,0
BRDA:271,3,1,0
BRDA:297,4,0,0
BRDA:310,5,0,0
BRDA:386,6,0,0
BRDA:392,7,0,0
BRDA:407,8,0,0
BRDA:434,9,0,0
BRDA:434,9,1,0
BRDA:482,10,0,0
BRDA:486,11,0,0
BRDA:519,12,0,0
BRDA:522,13,0,0
BRDA:529,14,0,0
BRDA:529,14,1,0
BRDA:537,15,0,0
BRDA:569,16,0,0
BRDA:573,17,0,0
BRDA:602,18,0,0
BRDA:602,18,1,0
BRDA:613,19,0,0
BRDA:642,20,0,0
BRDA:642,20,1,0
BRDA:653,21,0,0
BRDA:653,21,1,0
BRDA:653,22,0,0
BRDA:653,22,1,0
BRDA:699,23,0,0
BRDA:699,23,1,0
BRDA:699,23,2,0
BRDA:699,23,3,0
BRDA:699,23,4,0
BRDA:899,24,0,0
BRDA:899,25,0,0
BRDA:899,25,1,0
BRDA:899,26,0,0
BRDA:899,26,1,0
BRF:40
BRH:0
end_of_record
